2024-11-08 20:09:11,354 - infrastructure_chatbot - INFO - Test log message
2024-11-08 20:24:20,568 - infrastructure_chatbot - ERROR - Database error: Execution failed on sql '
        SELECT DISTINCT
            PROJECTNAME, 
            PROJECTCODE,
            PROJECTSTATUS,
            PROJECTSECTOR,
            REGION,
            DISTRICT,
            COALESCE(BUDGET, 0) as BUDGET,
            COALESCE(COMPLETIONPERCENTAGE, 0) as COMPLETIONPERCENTAGE
        FROM proj_dashboard
        ': no such table: proj_dashboard
2024-11-08 20:24:20,568 - infrastructure_chatbot - ERROR - Startup error: Execution failed on sql '
        SELECT DISTINCT
            PROJECTNAME, 
            PROJECTCODE,
            PROJECTSTATUS,
            PROJECTSECTOR,
            REGION,
            DISTRICT,
            COALESCE(BUDGET, 0) as BUDGET,
            COALESCE(COMPLETIONPERCENTAGE, 0) as COMPLETIONPERCENTAGE
        FROM proj_dashboard
        ': no such table: proj_dashboard
2024-11-08 20:24:20,717 - infrastructure_chatbot - ERROR - Database error: Execution failed on sql '
        SELECT DISTINCT
            PROJECTNAME, 
            PROJECTCODE,
            PROJECTSTATUS,
            PROJECTSECTOR,
            REGION,
            DISTRICT,
            COALESCE(BUDGET, 0) as BUDGET,
            COALESCE(COMPLETIONPERCENTAGE, 0) as COMPLETIONPERCENTAGE
        FROM proj_dashboard
        ': no such table: proj_dashboard
2024-11-08 20:24:20,717 - infrastructure_chatbot - ERROR - Startup error: Execution failed on sql '
        SELECT DISTINCT
            PROJECTNAME, 
            PROJECTCODE,
            PROJECTSTATUS,
            PROJECTSECTOR,
            REGION,
            DISTRICT,
            COALESCE(BUDGET, 0) as BUDGET,
            COALESCE(COMPLETIONPERCENTAGE, 0) as COMPLETIONPERCENTAGE
        FROM proj_dashboard
        ': no such table: proj_dashboard
2024-11-08 20:24:20,731 - infrastructure_chatbot - ERROR - Database error: Execution failed on sql '
        SELECT DISTINCT
            PROJECTNAME, 
            PROJECTCODE,
            PROJECTSTATUS,
            PROJECTSECTOR,
            REGION,
            DISTRICT,
            COALESCE(BUDGET, 0) as BUDGET,
            COALESCE(COMPLETIONPERCENTAGE, 0) as COMPLETIONPERCENTAGE
        FROM proj_dashboard
        ': no such table: proj_dashboard
2024-11-08 20:24:20,735 - infrastructure_chatbot - ERROR - Startup error: Execution failed on sql '
        SELECT DISTINCT
            PROJECTNAME, 
            PROJECTCODE,
            PROJECTSTATUS,
            PROJECTSECTOR,
            REGION,
            DISTRICT,
            COALESCE(BUDGET, 0) as BUDGET,
            COALESCE(COMPLETIONPERCENTAGE, 0) as COMPLETIONPERCENTAGE
        FROM proj_dashboard
        ': no such table: proj_dashboard
2024-11-08 20:25:19,920 - infrastructure_chatbot - ERROR - Database error: Execution failed on sql '
        SELECT DISTINCT
            PROJECTNAME, 
            PROJECTCODE,
            PROJECTSTATUS,
            PROJECTSECTOR,
            REGION,
            DISTRICT,
            COALESCE(BUDGET, 0) as BUDGET,
            COALESCE(COMPLETIONPERCENTAGE, 0) as COMPLETIONPERCENTAGE
        FROM proj_dashboard
        ': no such table: proj_dashboard
2024-11-08 20:25:19,920 - infrastructure_chatbot - ERROR - Startup error: Execution failed on sql '
        SELECT DISTINCT
            PROJECTNAME, 
            PROJECTCODE,
            PROJECTSTATUS,
            PROJECTSECTOR,
            REGION,
            DISTRICT,
            COALESCE(BUDGET, 0) as BUDGET,
            COALESCE(COMPLETIONPERCENTAGE, 0) as COMPLETIONPERCENTAGE
        FROM proj_dashboard
        ': no such table: proj_dashboard
2024-11-08 20:28:37,770 - infrastructure_chatbot - INFO - Loaded 198 projects from database
2024-11-08 20:28:37,771 - infrastructure_chatbot - INFO - Successfully loaded project data
2024-11-08 20:28:58,446 - infrastructure_chatbot - INFO - Initialized embeddings
2024-11-08 20:29:00,296 - infrastructure_chatbot - INFO - Vector store initialized successfully
2024-11-08 20:34:38,383 - infrastructure_chatbot - INFO - Loaded 198 projects from database
2024-11-08 20:34:38,384 - infrastructure_chatbot - INFO - Successfully loaded project data
2024-11-08 20:34:59,203 - infrastructure_chatbot - INFO - Initialized embeddings
2024-11-08 20:35:00,901 - infrastructure_chatbot - INFO - Vector store initialized successfully
2024-11-09 13:57:16,366 - infrastructure_chatbot - INFO - Loaded 198 projects from database
2024-11-09 13:57:16,366 - infrastructure_chatbot - INFO - Successfully loaded project data
2024-11-09 13:57:16,366 - infrastructure_chatbot - INFO - Loaded 198 projects from database
2024-11-09 13:57:16,366 - infrastructure_chatbot - INFO - Successfully loaded project data
2024-11-09 13:57:16,387 - infrastructure_chatbot - INFO - Loaded 198 projects from database
2024-11-09 13:57:16,387 - infrastructure_chatbot - INFO - Successfully loaded project data
2024-11-09 13:57:48,191 - infrastructure_chatbot - INFO - Initialized embeddings
2024-11-09 13:57:48,195 - infrastructure_chatbot - INFO - Initialized embeddings
2024-11-09 13:57:48,225 - infrastructure_chatbot - INFO - Initialized embeddings
2024-11-09 13:57:53,840 - infrastructure_chatbot - INFO - Vector store initialized successfully
2024-11-09 13:57:53,840 - infrastructure_chatbot - INFO - Vector store initialized successfully
2024-11-09 13:57:53,856 - infrastructure_chatbot - INFO - Vector store initialized successfully
2024-11-09 14:01:30,752 - infrastructure_chatbot - INFO - Available database files: ['malawi_projects1.db']
2024-11-09 14:01:30,756 - infrastructure_chatbot - INFO - Tables in malawi_projects1.db: [('proj_dashboard',), ('proj_dashboard_v2',)]
2024-11-09 14:01:30,756 - infrastructure_chatbot - INFO - Found proj_dashboard table in malawi_projects1.db
2024-11-09 14:01:30,756 - infrastructure_chatbot - INFO - Successfully loaded 198 projects from malawi_projects1.db
2024-11-09 14:01:30,756 - infrastructure_chatbot - INFO - Successfully loaded project data
2024-11-09 14:01:30,785 - infrastructure_chatbot - INFO - Available database files: ['malawi_projects1.db']
2024-11-09 14:01:30,788 - infrastructure_chatbot - INFO - Tables in malawi_projects1.db: [('proj_dashboard',), ('proj_dashboard_v2',)]
2024-11-09 14:01:30,788 - infrastructure_chatbot - INFO - Found proj_dashboard table in malawi_projects1.db
2024-11-09 14:01:30,797 - infrastructure_chatbot - INFO - Successfully loaded 198 projects from malawi_projects1.db
2024-11-09 14:01:30,797 - infrastructure_chatbot - INFO - Successfully loaded project data
2024-11-09 14:01:30,854 - infrastructure_chatbot - INFO - Available database files: ['malawi_projects1.db']
2024-11-09 14:01:30,854 - infrastructure_chatbot - INFO - Tables in malawi_projects1.db: [('proj_dashboard',), ('proj_dashboard_v2',)]
2024-11-09 14:01:30,870 - infrastructure_chatbot - INFO - Found proj_dashboard table in malawi_projects1.db
2024-11-09 14:01:30,870 - infrastructure_chatbot - INFO - Successfully loaded 198 projects from malawi_projects1.db
2024-11-09 14:01:30,870 - infrastructure_chatbot - INFO - Successfully loaded project data
2024-11-09 14:01:59,393 - infrastructure_chatbot - INFO - Initialized embeddings
2024-11-09 14:02:01,313 - infrastructure_chatbot - INFO - Initialized embeddings
2024-11-09 14:02:03,161 - infrastructure_chatbot - INFO - Initialized embeddings
2024-11-09 14:02:05,253 - infrastructure_chatbot - INFO - Vector store initialized successfully
2024-11-09 14:02:09,116 - infrastructure_chatbot - INFO - Vector store initialized successfully
2024-11-09 14:02:10,139 - infrastructure_chatbot - INFO - Vector store initialized successfully
2024-11-09 14:09:27,008 - infrastructure_chatbot - INFO - Attempting to connect to database: C:/Users/MukundiMphaphuli/Desktop/Use Case 2/final_project/malawi_projects1.db
2024-11-09 14:09:27,011 - infrastructure_chatbot - INFO - Available tables: [('proj_dashboard',), ('proj_dashboard_v2',)]
2024-11-09 14:09:27,014 - infrastructure_chatbot - INFO - Successfully loaded 0 projects
2024-11-09 14:09:27,014 - infrastructure_chatbot - INFO - Successfully loaded 0 projects
2024-11-09 14:09:27,031 - infrastructure_chatbot - INFO - Attempting to connect to database: C:/Users/MukundiMphaphuli/Desktop/Use Case 2/final_project/malawi_projects1.db
2024-11-09 14:09:27,040 - infrastructure_chatbot - INFO - Available tables: [('proj_dashboard',), ('proj_dashboard_v2',)]
2024-11-09 14:09:27,044 - infrastructure_chatbot - INFO - Successfully loaded 0 projects
2024-11-09 14:09:27,045 - infrastructure_chatbot - INFO - Successfully loaded 0 projects
2024-11-09 14:09:27,065 - infrastructure_chatbot - INFO - Attempting to connect to database: C:/Users/MukundiMphaphuli/Desktop/Use Case 2/final_project/malawi_projects1.db
2024-11-09 14:09:27,065 - infrastructure_chatbot - INFO - Available tables: [('proj_dashboard',), ('proj_dashboard_v2',)]
2024-11-09 14:09:27,076 - infrastructure_chatbot - INFO - Successfully loaded 0 projects
2024-11-09 14:09:27,077 - infrastructure_chatbot - INFO - Successfully loaded 0 projects
2024-11-09 14:09:51,751 - infrastructure_chatbot - INFO - Attempting to connect to database: C:/Users/MukundiMphaphuli/Desktop/Use Case 2/final_project/malawi_projects1.db
2024-11-09 14:09:51,751 - infrastructure_chatbot - INFO - Available tables: [('proj_dashboard',), ('proj_dashboard_v2',)]
2024-11-09 14:09:51,751 - infrastructure_chatbot - INFO - Successfully loaded 0 projects
2024-11-09 14:09:51,751 - infrastructure_chatbot - INFO - Successfully loaded 0 projects
2024-11-09 14:09:52,253 - infrastructure_chatbot - INFO - Initialized embeddings
2024-11-09 14:09:52,253 - infrastructure_chatbot - ERROR - Startup error: list index out of range
2024-11-09 14:09:52,894 - infrastructure_chatbot - INFO - Initialized embeddings
2024-11-09 14:09:52,894 - infrastructure_chatbot - ERROR - Startup error: list index out of range
2024-11-09 14:09:53,265 - infrastructure_chatbot - INFO - Initialized embeddings
2024-11-09 14:09:53,281 - infrastructure_chatbot - ERROR - Startup error: list index out of range
2024-11-09 14:10:10,179 - infrastructure_chatbot - INFO - Initialized embeddings
2024-11-09 14:10:10,194 - infrastructure_chatbot - ERROR - Startup error: list index out of range
2024-11-09 14:25:55,322 - infrastructure_chatbot - INFO - Attempting to connect to database: C:/Users/MukundiMphaphuli/Desktop/Use Case 2/final_project/malawi_projects1.db
2024-11-09 14:25:55,340 - infrastructure_chatbot - INFO - Successfully loaded 198 projects
2024-11-09 14:25:55,340 - infrastructure_chatbot - INFO - Sample data from first row:
2024-11-09 14:25:55,340 - infrastructure_chatbot - INFO - {'PROJECTNAME': 'Completion of Staff House', 'PROJECTCODE': '000ccd30', 'PROJECTSTATUS': 'Unknown', 'PROJECTSECTOR': 'Education', 'REGION': 'Central Region', 'DISTRICT': 'Dowa', 'BUDGET': 0.0, 'COMPLETIONPERCENTAGE': 0, 'PROJECTTYPE': 'Teacher house construction and rehabilitation', 'FUNDINGSOURCE': 'DDF'}
2024-11-09 14:25:55,340 - infrastructure_chatbot - INFO - Successfully loaded 198 projects
2024-11-09 14:25:55,487 - infrastructure_chatbot - INFO - Attempting to connect to database: C:/Users/MukundiMphaphuli/Desktop/Use Case 2/final_project/malawi_projects1.db
2024-11-09 14:25:55,504 - infrastructure_chatbot - INFO - Successfully loaded 198 projects
2024-11-09 14:25:55,504 - infrastructure_chatbot - INFO - Sample data from first row:
2024-11-09 14:25:55,504 - infrastructure_chatbot - INFO - {'PROJECTNAME': 'Completion of Staff House', 'PROJECTCODE': '000ccd30', 'PROJECTSTATUS': 'Unknown', 'PROJECTSECTOR': 'Education', 'REGION': 'Central Region', 'DISTRICT': 'Dowa', 'BUDGET': 0.0, 'COMPLETIONPERCENTAGE': 0, 'PROJECTTYPE': 'Teacher house construction and rehabilitation', 'FUNDINGSOURCE': 'DDF'}
2024-11-09 14:25:55,504 - infrastructure_chatbot - INFO - Successfully loaded 198 projects
2024-11-09 14:25:55,566 - infrastructure_chatbot - INFO - Attempting to connect to database: C:/Users/MukundiMphaphuli/Desktop/Use Case 2/final_project/malawi_projects1.db
2024-11-09 14:25:55,582 - infrastructure_chatbot - INFO - Successfully loaded 198 projects
2024-11-09 14:25:55,582 - infrastructure_chatbot - INFO - Sample data from first row:
2024-11-09 14:25:55,582 - infrastructure_chatbot - INFO - {'PROJECTNAME': 'Completion of Staff House', 'PROJECTCODE': '000ccd30', 'PROJECTSTATUS': 'Unknown', 'PROJECTSECTOR': 'Education', 'REGION': 'Central Region', 'DISTRICT': 'Dowa', 'BUDGET': 0.0, 'COMPLETIONPERCENTAGE': 0, 'PROJECTTYPE': 'Teacher house construction and rehabilitation', 'FUNDINGSOURCE': 'DDF'}
2024-11-09 14:25:55,582 - infrastructure_chatbot - INFO - Successfully loaded 198 projects
2024-11-09 14:25:55,614 - infrastructure_chatbot - INFO - Attempting to connect to database: C:/Users/MukundiMphaphuli/Desktop/Use Case 2/final_project/malawi_projects1.db
2024-11-09 14:25:55,630 - infrastructure_chatbot - INFO - Successfully loaded 198 projects
2024-11-09 14:25:55,630 - infrastructure_chatbot - INFO - Sample data from first row:
2024-11-09 14:25:55,630 - infrastructure_chatbot - INFO - {'PROJECTNAME': 'Completion of Staff House', 'PROJECTCODE': '000ccd30', 'PROJECTSTATUS': 'Unknown', 'PROJECTSECTOR': 'Education', 'REGION': 'Central Region', 'DISTRICT': 'Dowa', 'BUDGET': 0.0, 'COMPLETIONPERCENTAGE': 0, 'PROJECTTYPE': 'Teacher house construction and rehabilitation', 'FUNDINGSOURCE': 'DDF'}
2024-11-09 14:25:55,630 - infrastructure_chatbot - INFO - Successfully loaded 198 projects
2024-11-09 14:25:55,645 - infrastructure_chatbot - INFO - Attempting to connect to database: C:/Users/MukundiMphaphuli/Desktop/Use Case 2/final_project/malawi_projects1.db
2024-11-09 14:25:55,661 - infrastructure_chatbot - INFO - Successfully loaded 198 projects
2024-11-09 14:25:55,661 - infrastructure_chatbot - INFO - Sample data from first row:
2024-11-09 14:25:55,661 - infrastructure_chatbot - INFO - {'PROJECTNAME': 'Completion of Staff House', 'PROJECTCODE': '000ccd30', 'PROJECTSTATUS': 'Unknown', 'PROJECTSECTOR': 'Education', 'REGION': 'Central Region', 'DISTRICT': 'Dowa', 'BUDGET': 0.0, 'COMPLETIONPERCENTAGE': 0, 'PROJECTTYPE': 'Teacher house construction and rehabilitation', 'FUNDINGSOURCE': 'DDF'}
2024-11-09 14:25:55,661 - infrastructure_chatbot - INFO - Successfully loaded 198 projects
2024-11-09 14:26:28,336 - infrastructure_chatbot - INFO - Initialized embeddings
2024-11-09 14:26:28,434 - infrastructure_chatbot - INFO - Prepared 198 documents for vector store
2024-11-09 14:26:31,873 - infrastructure_chatbot - INFO - Initialized embeddings
2024-11-09 14:26:32,035 - infrastructure_chatbot - INFO - Prepared 198 documents for vector store
2024-11-09 14:26:32,736 - infrastructure_chatbot - INFO - Initialized embeddings
2024-11-09 14:26:32,933 - infrastructure_chatbot - INFO - Prepared 198 documents for vector store
2024-11-09 14:26:38,821 - infrastructure_chatbot - INFO - Vector store initialized successfully
2024-11-09 14:26:43,407 - infrastructure_chatbot - INFO - Vector store initialized successfully
2024-11-09 14:26:43,507 - infrastructure_chatbot - INFO - Vector store initialized successfully
2024-11-09 14:26:52,554 - infrastructure_chatbot - INFO - Initialized embeddings
2024-11-09 14:26:52,598 - infrastructure_chatbot - INFO - Prepared 198 documents for vector store
2024-11-09 14:26:56,541 - infrastructure_chatbot - INFO - Vector store initialized successfully
2024-11-09 14:29:15,739 - infrastructure_chatbot - INFO - Attempting to connect to database: C:/Users/MukundiMphaphuli/Desktop/Use Case 2/final_project/malawi_projects1.db
2024-11-09 14:29:15,739 - infrastructure_chatbot - INFO - Successfully loaded 198 projects
2024-11-09 14:29:15,739 - infrastructure_chatbot - INFO - Sample data from first row:
2024-11-09 14:29:15,739 - infrastructure_chatbot - INFO - {'PROJECTNAME': 'Completion of Staff House', 'PROJECTCODE': '000ccd30', 'PROJECTSTATUS': 'Unknown', 'PROJECTSECTOR': 'Education', 'REGION': 'Central Region', 'DISTRICT': 'Dowa', 'BUDGET': 0.0, 'COMPLETIONPERCENTAGE': 0, 'PROJECTTYPE': 'Teacher house construction and rehabilitation', 'FUNDINGSOURCE': 'DDF'}
2024-11-09 14:29:15,755 - infrastructure_chatbot - INFO - Successfully loaded 198 projects
2024-11-09 14:29:33,288 - infrastructure_chatbot - INFO - Initialized embeddings
2024-11-09 14:29:33,322 - infrastructure_chatbot - INFO - Prepared 198 documents for vector store
2024-11-09 14:29:35,656 - infrastructure_chatbot - INFO - Vector store initialized successfully
2024-11-09 14:36:53,748 - infrastructure_chatbot - INFO - Attempting to connect to database: C:/Users/MukundiMphaphuli/Desktop/Use Case 2/final_project/malawi_projects1.db
2024-11-09 14:36:53,748 - infrastructure_chatbot - INFO - Successfully loaded 198 projects
2024-11-09 14:36:53,748 - infrastructure_chatbot - INFO - Sample data from first row:
2024-11-09 14:36:53,748 - infrastructure_chatbot - INFO - {'PROJECTNAME': 'Completion of Staff House', 'PROJECTCODE': '000ccd30', 'PROJECTSTATUS': 'Unknown', 'PROJECTSECTOR': 'Education', 'REGION': 'Central Region', 'DISTRICT': 'Dowa', 'BUDGET': 0.0, 'COMPLETIONPERCENTAGE': 0, 'PROJECTTYPE': 'Teacher house construction and rehabilitation', 'FUNDINGSOURCE': 'DDF'}
2024-11-09 14:36:53,748 - infrastructure_chatbot - INFO - Successfully loaded 198 projects
2024-11-09 14:37:08,558 - infrastructure_chatbot - INFO - Initialized embeddings
2024-11-09 14:37:08,574 - infrastructure_chatbot - INFO - Prepared 198 documents for vector store
2024-11-09 14:37:11,608 - infrastructure_chatbot - INFO - Vector store initialized successfully
2024-11-09 18:19:01,912 - infrastructure_chatbot - INFO - Attempting to connect to database: C:/Users/MukundiMphaphuli/Desktop/Use Case 2/final_project/malawi_projects1.db
2024-11-09 18:19:01,920 - infrastructure_chatbot - INFO - Successfully loaded 198 projects
2024-11-09 18:19:01,921 - infrastructure_chatbot - INFO - Sample data from first row:
2024-11-09 18:19:01,922 - infrastructure_chatbot - INFO - {'PROJECTNAME': 'Completion of Staff House', 'PROJECTCODE': '000ccd30', 'PROJECTSTATUS': 'Unknown', 'PROJECTSECTOR': 'Education', 'REGION': 'Central Region', 'DISTRICT': 'Dowa', 'BUDGET': 0.0, 'COMPLETIONPERCENTAGE': 0, 'PROJECTTYPE': 'Teacher house construction and rehabilitation', 'FUNDINGSOURCE': 'DDF'}
2024-11-09 18:19:01,922 - infrastructure_chatbot - INFO - Successfully loaded 198 projects
2024-11-09 18:19:03,143 - infrastructure_chatbot - INFO - Attempting to connect to database: C:/Users/MukundiMphaphuli/Desktop/Use Case 2/final_project/malawi_projects1.db
2024-11-09 18:19:03,165 - infrastructure_chatbot - INFO - Successfully loaded 198 projects
2024-11-09 18:19:03,166 - infrastructure_chatbot - INFO - Sample data from first row:
2024-11-09 18:19:03,168 - infrastructure_chatbot - INFO - {'PROJECTNAME': 'Completion of Staff House', 'PROJECTCODE': '000ccd30', 'PROJECTSTATUS': 'Unknown', 'PROJECTSECTOR': 'Education', 'REGION': 'Central Region', 'DISTRICT': 'Dowa', 'BUDGET': 0.0, 'COMPLETIONPERCENTAGE': 0, 'PROJECTTYPE': 'Teacher house construction and rehabilitation', 'FUNDINGSOURCE': 'DDF'}
2024-11-09 18:19:03,170 - infrastructure_chatbot - INFO - Successfully loaded 198 projects
2024-11-09 18:19:03,201 - infrastructure_chatbot - INFO - Attempting to connect to database: C:/Users/MukundiMphaphuli/Desktop/Use Case 2/final_project/malawi_projects1.db
2024-11-09 18:19:03,209 - infrastructure_chatbot - INFO - Successfully loaded 198 projects
2024-11-09 18:19:03,210 - infrastructure_chatbot - INFO - Sample data from first row:
2024-11-09 18:19:03,212 - infrastructure_chatbot - INFO - {'PROJECTNAME': 'Completion of Staff House', 'PROJECTCODE': '000ccd30', 'PROJECTSTATUS': 'Unknown', 'PROJECTSECTOR': 'Education', 'REGION': 'Central Region', 'DISTRICT': 'Dowa', 'BUDGET': 0.0, 'COMPLETIONPERCENTAGE': 0, 'PROJECTTYPE': 'Teacher house construction and rehabilitation', 'FUNDINGSOURCE': 'DDF'}
2024-11-09 18:19:03,214 - infrastructure_chatbot - INFO - Successfully loaded 198 projects
2024-11-09 18:19:03,263 - infrastructure_chatbot - INFO - Attempting to connect to database: C:/Users/MukundiMphaphuli/Desktop/Use Case 2/final_project/malawi_projects1.db
2024-11-09 18:19:03,274 - infrastructure_chatbot - INFO - Successfully loaded 198 projects
2024-11-09 18:19:03,276 - infrastructure_chatbot - INFO - Sample data from first row:
2024-11-09 18:19:03,277 - infrastructure_chatbot - INFO - {'PROJECTNAME': 'Completion of Staff House', 'PROJECTCODE': '000ccd30', 'PROJECTSTATUS': 'Unknown', 'PROJECTSECTOR': 'Education', 'REGION': 'Central Region', 'DISTRICT': 'Dowa', 'BUDGET': 0.0, 'COMPLETIONPERCENTAGE': 0, 'PROJECTTYPE': 'Teacher house construction and rehabilitation', 'FUNDINGSOURCE': 'DDF'}
2024-11-09 18:19:03,277 - infrastructure_chatbot - INFO - Attempting to connect to database: C:/Users/MukundiMphaphuli/Desktop/Use Case 2/final_project/malawi_projects1.db
2024-11-09 18:19:03,278 - infrastructure_chatbot - INFO - Successfully loaded 198 projects
2024-11-09 18:19:03,284 - infrastructure_chatbot - INFO - Successfully loaded 198 projects
2024-11-09 18:19:03,285 - infrastructure_chatbot - INFO - Sample data from first row:
2024-11-09 18:19:03,287 - infrastructure_chatbot - INFO - {'PROJECTNAME': 'Completion of Staff House', 'PROJECTCODE': '000ccd30', 'PROJECTSTATUS': 'Unknown', 'PROJECTSECTOR': 'Education', 'REGION': 'Central Region', 'DISTRICT': 'Dowa', 'BUDGET': 0.0, 'COMPLETIONPERCENTAGE': 0, 'PROJECTTYPE': 'Teacher house construction and rehabilitation', 'FUNDINGSOURCE': 'DDF'}
2024-11-09 18:19:03,289 - infrastructure_chatbot - INFO - Successfully loaded 198 projects
2024-11-09 18:19:03,330 - infrastructure_chatbot - INFO - Attempting to connect to database: C:/Users/MukundiMphaphuli/Desktop/Use Case 2/final_project/malawi_projects1.db
2024-11-09 18:19:03,349 - infrastructure_chatbot - INFO - Successfully loaded 198 projects
2024-11-09 18:19:03,351 - infrastructure_chatbot - INFO - Sample data from first row:
2024-11-09 18:19:03,353 - infrastructure_chatbot - INFO - {'PROJECTNAME': 'Completion of Staff House', 'PROJECTCODE': '000ccd30', 'PROJECTSTATUS': 'Unknown', 'PROJECTSECTOR': 'Education', 'REGION': 'Central Region', 'DISTRICT': 'Dowa', 'BUDGET': 0.0, 'COMPLETIONPERCENTAGE': 0, 'PROJECTTYPE': 'Teacher house construction and rehabilitation', 'FUNDINGSOURCE': 'DDF'}
2024-11-09 18:19:03,355 - infrastructure_chatbot - INFO - Successfully loaded 198 projects
2024-11-09 18:19:28,752 - infrastructure_chatbot - INFO - Initialized embeddings
2024-11-09 18:19:28,777 - infrastructure_chatbot - INFO - Prepared 198 documents for vector store
2024-11-09 18:19:28,785 - infrastructure_chatbot - INFO - Initialized embeddings
2024-11-09 18:19:28,811 - infrastructure_chatbot - INFO - Prepared 198 documents for vector store
2024-11-09 18:19:28,830 - infrastructure_chatbot - INFO - Initialized embeddings
2024-11-09 18:19:28,869 - infrastructure_chatbot - INFO - Prepared 198 documents for vector store
2024-11-09 18:19:34,940 - infrastructure_chatbot - INFO - Vector store initialized successfully
2024-11-09 18:19:34,952 - infrastructure_chatbot - INFO - Vector store initialized successfully
2024-11-09 18:19:35,001 - infrastructure_chatbot - INFO - Vector store initialized successfully
2024-11-09 18:19:43,119 - infrastructure_chatbot - INFO - Initialized embeddings
2024-11-09 18:19:43,188 - infrastructure_chatbot - INFO - Prepared 198 documents for vector store
2024-11-09 18:19:43,977 - infrastructure_chatbot - INFO - Initialized embeddings
2024-11-09 18:19:43,999 - infrastructure_chatbot - INFO - Initialized embeddings
2024-11-09 18:19:44,018 - infrastructure_chatbot - INFO - Prepared 198 documents for vector store
2024-11-09 18:19:44,033 - infrastructure_chatbot - INFO - Prepared 198 documents for vector store
2024-11-09 18:19:47,651 - infrastructure_chatbot - INFO - Vector store initialized successfully
2024-11-09 18:19:48,987 - infrastructure_chatbot - INFO - Vector store initialized successfully
2024-11-09 18:19:49,030 - infrastructure_chatbot - INFO - Vector store initialized successfully
2024-11-09 18:21:28,985 - infrastructure_chatbot - INFO - Attempting to connect to database: C:/Users/MukundiMphaphuli/Desktop/Use Case 2/final_project/malawi_projects1.db
2024-11-09 18:21:28,991 - infrastructure_chatbot - INFO - Attempting to connect to database: C:/Users/MukundiMphaphuli/Desktop/Use Case 2/final_project/malawi_projects1.db
2024-11-09 18:21:28,993 - infrastructure_chatbot - INFO - Successfully loaded 198 projects
2024-11-09 18:21:28,993 - infrastructure_chatbot - INFO - Sample data from first row:
2024-11-09 18:21:28,994 - infrastructure_chatbot - INFO - {'PROJECTNAME': 'Completion of Staff House', 'PROJECTCODE': '000ccd30', 'PROJECTSTATUS': 'Unknown', 'PROJECTSECTOR': 'Education', 'REGION': 'Central Region', 'DISTRICT': 'Dowa', 'BUDGET': 0.0, 'COMPLETIONPERCENTAGE': 0, 'PROJECTTYPE': 'Teacher house construction and rehabilitation', 'FUNDINGSOURCE': 'DDF'}
2024-11-09 18:21:28,995 - infrastructure_chatbot - INFO - Successfully loaded 198 projects
2024-11-09 18:21:29,000 - infrastructure_chatbot - INFO - Successfully loaded 198 projects
2024-11-09 18:21:29,001 - infrastructure_chatbot - INFO - Sample data from first row:
2024-11-09 18:21:29,002 - infrastructure_chatbot - INFO - {'PROJECTNAME': 'Completion of Staff House', 'PROJECTCODE': '000ccd30', 'PROJECTSTATUS': 'Unknown', 'PROJECTSECTOR': 'Education', 'REGION': 'Central Region', 'DISTRICT': 'Dowa', 'BUDGET': 0.0, 'COMPLETIONPERCENTAGE': 0, 'PROJECTTYPE': 'Teacher house construction and rehabilitation', 'FUNDINGSOURCE': 'DDF'}
2024-11-09 18:21:29,003 - infrastructure_chatbot - INFO - Successfully loaded 198 projects
2024-11-09 18:21:29,013 - infrastructure_chatbot - INFO - Attempting to connect to database: C:/Users/MukundiMphaphuli/Desktop/Use Case 2/final_project/malawi_projects1.db
2024-11-09 18:21:29,020 - infrastructure_chatbot - INFO - Successfully loaded 198 projects
2024-11-09 18:21:29,021 - infrastructure_chatbot - INFO - Sample data from first row:
2024-11-09 18:21:29,022 - infrastructure_chatbot - INFO - {'PROJECTNAME': 'Completion of Staff House', 'PROJECTCODE': '000ccd30', 'PROJECTSTATUS': 'Unknown', 'PROJECTSECTOR': 'Education', 'REGION': 'Central Region', 'DISTRICT': 'Dowa', 'BUDGET': 0.0, 'COMPLETIONPERCENTAGE': 0, 'PROJECTTYPE': 'Teacher house construction and rehabilitation', 'FUNDINGSOURCE': 'DDF'}
2024-11-09 18:21:29,023 - infrastructure_chatbot - INFO - Successfully loaded 198 projects
2024-11-09 18:21:29,192 - infrastructure_chatbot - INFO - Attempting to connect to database: C:/Users/MukundiMphaphuli/Desktop/Use Case 2/final_project/malawi_projects1.db
2024-11-09 18:21:29,199 - infrastructure_chatbot - INFO - Successfully loaded 198 projects
2024-11-09 18:21:29,199 - infrastructure_chatbot - INFO - Sample data from first row:
2024-11-09 18:21:29,201 - infrastructure_chatbot - INFO - {'PROJECTNAME': 'Completion of Staff House', 'PROJECTCODE': '000ccd30', 'PROJECTSTATUS': 'Unknown', 'PROJECTSECTOR': 'Education', 'REGION': 'Central Region', 'DISTRICT': 'Dowa', 'BUDGET': 0.0, 'COMPLETIONPERCENTAGE': 0, 'PROJECTTYPE': 'Teacher house construction and rehabilitation', 'FUNDINGSOURCE': 'DDF'}
2024-11-09 18:21:29,201 - infrastructure_chatbot - INFO - Successfully loaded 198 projects
2024-11-09 18:21:29,204 - infrastructure_chatbot - INFO - Attempting to connect to database: C:/Users/MukundiMphaphuli/Desktop/Use Case 2/final_project/malawi_projects1.db
2024-11-09 18:21:29,211 - infrastructure_chatbot - INFO - Successfully loaded 198 projects
2024-11-09 18:21:29,212 - infrastructure_chatbot - INFO - Sample data from first row:
2024-11-09 18:21:29,213 - infrastructure_chatbot - INFO - {'PROJECTNAME': 'Completion of Staff House', 'PROJECTCODE': '000ccd30', 'PROJECTSTATUS': 'Unknown', 'PROJECTSECTOR': 'Education', 'REGION': 'Central Region', 'DISTRICT': 'Dowa', 'BUDGET': 0.0, 'COMPLETIONPERCENTAGE': 0, 'PROJECTTYPE': 'Teacher house construction and rehabilitation', 'FUNDINGSOURCE': 'DDF'}
2024-11-09 18:21:29,214 - infrastructure_chatbot - INFO - Successfully loaded 198 projects
2024-11-09 18:21:29,216 - infrastructure_chatbot - INFO - Attempting to connect to database: C:/Users/MukundiMphaphuli/Desktop/Use Case 2/final_project/malawi_projects1.db
2024-11-09 18:21:29,224 - infrastructure_chatbot - INFO - Successfully loaded 198 projects
2024-11-09 18:21:29,225 - infrastructure_chatbot - INFO - Sample data from first row:
2024-11-09 18:21:29,226 - infrastructure_chatbot - INFO - {'PROJECTNAME': 'Completion of Staff House', 'PROJECTCODE': '000ccd30', 'PROJECTSTATUS': 'Unknown', 'PROJECTSECTOR': 'Education', 'REGION': 'Central Region', 'DISTRICT': 'Dowa', 'BUDGET': 0.0, 'COMPLETIONPERCENTAGE': 0, 'PROJECTTYPE': 'Teacher house construction and rehabilitation', 'FUNDINGSOURCE': 'DDF'}
2024-11-09 18:21:29,227 - infrastructure_chatbot - INFO - Successfully loaded 198 projects
2024-11-09 18:21:52,970 - infrastructure_chatbot - INFO - Initialized embeddings
2024-11-09 18:21:52,971 - infrastructure_chatbot - INFO - Initialized embeddings
2024-11-09 18:21:53,013 - infrastructure_chatbot - INFO - Prepared 198 documents for vector store
2024-11-09 18:21:53,018 - infrastructure_chatbot - INFO - Prepared 198 documents for vector store
2024-11-09 18:21:53,697 - infrastructure_chatbot - INFO - Initialized embeddings
2024-11-09 18:21:53,740 - infrastructure_chatbot - INFO - Prepared 198 documents for vector store
2024-11-09 18:21:58,562 - infrastructure_chatbot - INFO - Vector store initialized successfully
2024-11-09 18:21:58,622 - infrastructure_chatbot - INFO - Vector store initialized successfully
2024-11-09 18:21:59,083 - infrastructure_chatbot - INFO - Vector store initialized successfully
2024-11-09 18:22:04,232 - infrastructure_chatbot - INFO - Initialized embeddings
2024-11-09 18:22:04,253 - infrastructure_chatbot - INFO - Initialized embeddings
2024-11-09 18:22:04,281 - infrastructure_chatbot - INFO - Initialized embeddings
2024-11-09 18:22:04,357 - infrastructure_chatbot - INFO - Prepared 198 documents for vector store
2024-11-09 18:22:04,367 - infrastructure_chatbot - INFO - Prepared 198 documents for vector store
2024-11-09 18:22:04,376 - infrastructure_chatbot - INFO - Prepared 198 documents for vector store
2024-11-09 18:22:09,746 - infrastructure_chatbot - INFO - Vector store initialized successfully
2024-11-09 18:22:09,784 - infrastructure_chatbot - INFO - Vector store initialized successfully
2024-11-09 18:22:09,796 - infrastructure_chatbot - INFO - Vector store initialized successfully
2024-11-09 18:36:30,562 - infrastructure_chatbot - INFO - Attempting to connect to database: C:/Users/MukundiMphaphuli/Desktop/Use Case 2/final_project/malawi_projects1.db
2024-11-09 18:36:30,575 - infrastructure_chatbot - INFO - Successfully loaded 198 projects
2024-11-09 18:36:30,575 - infrastructure_chatbot - INFO - Sample data from first row:
2024-11-09 18:36:30,577 - infrastructure_chatbot - INFO - {'PROJECTNAME': 'Completion of Staff House', 'PROJECTCODE': '000ccd30', 'PROJECTSTATUS': 'Unknown', 'PROJECTSECTOR': 'Education', 'REGION': 'Central Region', 'DISTRICT': 'Dowa', 'BUDGET': 0.0, 'COMPLETIONPERCENTAGE': 0, 'PROJECTTYPE': 'Teacher house construction and rehabilitation', 'FUNDINGSOURCE': 'DDF'}
2024-11-09 18:36:30,578 - infrastructure_chatbot - INFO - Successfully loaded 198 projects
2024-11-09 18:36:30,599 - infrastructure_chatbot - INFO - Attempting to connect to database: C:/Users/MukundiMphaphuli/Desktop/Use Case 2/final_project/malawi_projects1.db
2024-11-09 18:36:30,604 - infrastructure_chatbot - INFO - Successfully loaded 198 projects
2024-11-09 18:36:30,605 - infrastructure_chatbot - INFO - Sample data from first row:
2024-11-09 18:36:30,606 - infrastructure_chatbot - INFO - {'PROJECTNAME': 'Completion of Staff House', 'PROJECTCODE': '000ccd30', 'PROJECTSTATUS': 'Unknown', 'PROJECTSECTOR': 'Education', 'REGION': 'Central Region', 'DISTRICT': 'Dowa', 'BUDGET': 0.0, 'COMPLETIONPERCENTAGE': 0, 'PROJECTTYPE': 'Teacher house construction and rehabilitation', 'FUNDINGSOURCE': 'DDF'}
2024-11-09 18:36:30,607 - infrastructure_chatbot - INFO - Successfully loaded 198 projects
2024-11-09 18:36:30,717 - infrastructure_chatbot - INFO - Attempting to connect to database: C:/Users/MukundiMphaphuli/Desktop/Use Case 2/final_project/malawi_projects1.db
2024-11-09 18:36:30,733 - infrastructure_chatbot - INFO - Successfully loaded 198 projects
2024-11-09 18:36:30,733 - infrastructure_chatbot - INFO - Sample data from first row:
2024-11-09 18:36:30,734 - infrastructure_chatbot - INFO - {'PROJECTNAME': 'Completion of Staff House', 'PROJECTCODE': '000ccd30', 'PROJECTSTATUS': 'Unknown', 'PROJECTSECTOR': 'Education', 'REGION': 'Central Region', 'DISTRICT': 'Dowa', 'BUDGET': 0.0, 'COMPLETIONPERCENTAGE': 0, 'PROJECTTYPE': 'Teacher house construction and rehabilitation', 'FUNDINGSOURCE': 'DDF'}
2024-11-09 18:36:30,735 - infrastructure_chatbot - INFO - Successfully loaded 198 projects
2024-11-09 18:36:30,762 - infrastructure_chatbot - INFO - Attempting to connect to database: C:/Users/MukundiMphaphuli/Desktop/Use Case 2/final_project/malawi_projects1.db
2024-11-09 18:36:30,778 - infrastructure_chatbot - INFO - Successfully loaded 198 projects
2024-11-09 18:36:30,778 - infrastructure_chatbot - INFO - Sample data from first row:
2024-11-09 18:36:30,778 - infrastructure_chatbot - INFO - {'PROJECTNAME': 'Completion of Staff House', 'PROJECTCODE': '000ccd30', 'PROJECTSTATUS': 'Unknown', 'PROJECTSECTOR': 'Education', 'REGION': 'Central Region', 'DISTRICT': 'Dowa', 'BUDGET': 0.0, 'COMPLETIONPERCENTAGE': 0, 'PROJECTTYPE': 'Teacher house construction and rehabilitation', 'FUNDINGSOURCE': 'DDF'}
2024-11-09 18:36:30,778 - infrastructure_chatbot - INFO - Successfully loaded 198 projects
2024-11-09 18:36:30,793 - infrastructure_chatbot - INFO - Attempting to connect to database: C:/Users/MukundiMphaphuli/Desktop/Use Case 2/final_project/malawi_projects1.db
2024-11-09 18:36:30,793 - infrastructure_chatbot - INFO - Successfully loaded 198 projects
2024-11-09 18:36:30,793 - infrastructure_chatbot - INFO - Sample data from first row:
2024-11-09 18:36:30,809 - infrastructure_chatbot - INFO - {'PROJECTNAME': 'Completion of Staff House', 'PROJECTCODE': '000ccd30', 'PROJECTSTATUS': 'Unknown', 'PROJECTSECTOR': 'Education', 'REGION': 'Central Region', 'DISTRICT': 'Dowa', 'BUDGET': 0.0, 'COMPLETIONPERCENTAGE': 0, 'PROJECTTYPE': 'Teacher house construction and rehabilitation', 'FUNDINGSOURCE': 'DDF'}
2024-11-09 18:36:30,809 - infrastructure_chatbot - INFO - Successfully loaded 198 projects
2024-11-09 18:36:35,123 - infrastructure_chatbot - INFO - Attempting to connect to database: C:/Users/MukundiMphaphuli/Desktop/Use Case 2/final_project/malawi_projects1.db
2024-11-09 18:36:35,138 - infrastructure_chatbot - INFO - Successfully loaded 198 projects
2024-11-09 18:36:35,142 - infrastructure_chatbot - INFO - Sample data from first row:
2024-11-09 18:36:35,142 - infrastructure_chatbot - INFO - {'PROJECTNAME': 'Completion of Staff House', 'PROJECTCODE': '000ccd30', 'PROJECTSTATUS': 'Unknown', 'PROJECTSECTOR': 'Education', 'REGION': 'Central Region', 'DISTRICT': 'Dowa', 'BUDGET': 0.0, 'COMPLETIONPERCENTAGE': 0, 'PROJECTTYPE': 'Teacher house construction and rehabilitation', 'FUNDINGSOURCE': 'DDF'}
2024-11-09 18:36:35,142 - infrastructure_chatbot - INFO - Successfully loaded 198 projects
2024-11-09 18:36:51,453 - infrastructure_chatbot - INFO - Initialized embeddings
2024-11-09 18:36:51,504 - infrastructure_chatbot - INFO - Prepared 198 documents for vector store
2024-11-09 18:36:51,742 - infrastructure_chatbot - INFO - Initialized embeddings
2024-11-09 18:36:51,773 - infrastructure_chatbot - INFO - Prepared 198 documents for vector store
2024-11-09 18:36:57,579 - infrastructure_chatbot - INFO - Vector store initialized successfully
2024-11-09 18:36:57,598 - infrastructure_chatbot - INFO - Vector store initialized successfully
2024-11-09 18:36:59,476 - infrastructure_chatbot - INFO - Initialized embeddings
2024-11-09 18:36:59,489 - infrastructure_chatbot - INFO - Prepared 198 documents for vector store
2024-11-09 18:37:01,161 - infrastructure_chatbot - INFO - Initialized embeddings
2024-11-09 18:37:01,223 - infrastructure_chatbot - INFO - Prepared 198 documents for vector store
2024-11-09 18:37:01,897 - infrastructure_chatbot - INFO - Vector store initialized successfully
2024-11-09 18:37:02,289 - infrastructure_chatbot - INFO - Initialized embeddings
2024-11-09 18:37:02,339 - infrastructure_chatbot - INFO - Prepared 198 documents for vector store
2024-11-09 18:37:02,499 - infrastructure_chatbot - INFO - Initialized embeddings
2024-11-09 18:37:02,559 - infrastructure_chatbot - INFO - Prepared 198 documents for vector store
2024-11-09 18:37:06,067 - infrastructure_chatbot - INFO - Vector store initialized successfully
2024-11-09 18:37:07,447 - infrastructure_chatbot - INFO - Vector store initialized successfully
2024-11-09 18:37:07,720 - infrastructure_chatbot - INFO - Vector store initialized successfully
2024-11-09 18:38:43,693 - infrastructure_chatbot - INFO - Attempting to connect to database: C:/Users/MukundiMphaphuli/Desktop/Use Case 2/final_project/malawi_projects1.db
2024-11-09 18:38:43,693 - infrastructure_chatbot - INFO - Successfully loaded 198 projects
2024-11-09 18:38:43,693 - infrastructure_chatbot - INFO - Sample data from first row:
2024-11-09 18:38:43,693 - infrastructure_chatbot - INFO - {'PROJECTNAME': 'Completion of Staff House', 'PROJECTCODE': '000ccd30', 'PROJECTSTATUS': 'Unknown', 'PROJECTSECTOR': 'Education', 'REGION': 'Central Region', 'DISTRICT': 'Dowa', 'BUDGET': 0.0, 'COMPLETIONPERCENTAGE': 0, 'PROJECTTYPE': 'Teacher house construction and rehabilitation', 'FUNDINGSOURCE': 'DDF'}
2024-11-09 18:38:43,693 - infrastructure_chatbot - INFO - Successfully loaded 198 projects
2024-11-09 18:38:44,195 - infrastructure_chatbot - INFO - Attempting to connect to database: C:/Users/MukundiMphaphuli/Desktop/Use Case 2/final_project/malawi_projects1.db
2024-11-09 18:38:44,214 - infrastructure_chatbot - INFO - Successfully loaded 198 projects
2024-11-09 18:38:44,214 - infrastructure_chatbot - INFO - Sample data from first row:
2024-11-09 18:38:44,214 - infrastructure_chatbot - INFO - {'PROJECTNAME': 'Completion of Staff House', 'PROJECTCODE': '000ccd30', 'PROJECTSTATUS': 'Unknown', 'PROJECTSECTOR': 'Education', 'REGION': 'Central Region', 'DISTRICT': 'Dowa', 'BUDGET': 0.0, 'COMPLETIONPERCENTAGE': 0, 'PROJECTTYPE': 'Teacher house construction and rehabilitation', 'FUNDINGSOURCE': 'DDF'}
2024-11-09 18:38:44,214 - infrastructure_chatbot - INFO - Successfully loaded 198 projects
2024-11-09 18:38:44,259 - infrastructure_chatbot - INFO - Attempting to connect to database: C:/Users/MukundiMphaphuli/Desktop/Use Case 2/final_project/malawi_projects1.db
2024-11-09 18:38:44,264 - infrastructure_chatbot - INFO - Successfully loaded 198 projects
2024-11-09 18:38:44,264 - infrastructure_chatbot - INFO - Sample data from first row:
2024-11-09 18:38:44,264 - infrastructure_chatbot - INFO - {'PROJECTNAME': 'Completion of Staff House', 'PROJECTCODE': '000ccd30', 'PROJECTSTATUS': 'Unknown', 'PROJECTSECTOR': 'Education', 'REGION': 'Central Region', 'DISTRICT': 'Dowa', 'BUDGET': 0.0, 'COMPLETIONPERCENTAGE': 0, 'PROJECTTYPE': 'Teacher house construction and rehabilitation', 'FUNDINGSOURCE': 'DDF'}
2024-11-09 18:38:44,264 - infrastructure_chatbot - INFO - Successfully loaded 198 projects
2024-11-09 18:38:50,333 - infrastructure_chatbot - INFO - Attempting to connect to database: C:/Users/MukundiMphaphuli/Desktop/Use Case 2/final_project/malawi_projects1.db
2024-11-09 18:38:50,334 - infrastructure_chatbot - INFO - Successfully loaded 198 projects
2024-11-09 18:38:50,334 - infrastructure_chatbot - INFO - Sample data from first row:
2024-11-09 18:38:50,334 - infrastructure_chatbot - INFO - {'PROJECTNAME': 'Completion of Staff House', 'PROJECTCODE': '000ccd30', 'PROJECTSTATUS': 'Unknown', 'PROJECTSECTOR': 'Education', 'REGION': 'Central Region', 'DISTRICT': 'Dowa', 'BUDGET': 0.0, 'COMPLETIONPERCENTAGE': 0, 'PROJECTTYPE': 'Teacher house construction and rehabilitation', 'FUNDINGSOURCE': 'DDF'}
2024-11-09 18:38:50,334 - infrastructure_chatbot - INFO - Successfully loaded 198 projects
2024-11-09 18:38:50,419 - infrastructure_chatbot - INFO - Attempting to connect to database: C:/Users/MukundiMphaphuli/Desktop/Use Case 2/final_project/malawi_projects1.db
2024-11-09 18:38:50,419 - infrastructure_chatbot - INFO - Attempting to connect to database: C:/Users/MukundiMphaphuli/Desktop/Use Case 2/final_project/malawi_projects1.db
2024-11-09 18:38:50,428 - infrastructure_chatbot - INFO - Successfully loaded 198 projects
2024-11-09 18:38:50,429 - infrastructure_chatbot - INFO - Sample data from first row:
2024-11-09 18:38:50,430 - infrastructure_chatbot - INFO - Successfully loaded 198 projects
2024-11-09 18:38:50,430 - infrastructure_chatbot - INFO - Sample data from first row:
2024-11-09 18:38:50,430 - infrastructure_chatbot - INFO - {'PROJECTNAME': 'Completion of Staff House', 'PROJECTCODE': '000ccd30', 'PROJECTSTATUS': 'Unknown', 'PROJECTSECTOR': 'Education', 'REGION': 'Central Region', 'DISTRICT': 'Dowa', 'BUDGET': 0.0, 'COMPLETIONPERCENTAGE': 0, 'PROJECTTYPE': 'Teacher house construction and rehabilitation', 'FUNDINGSOURCE': 'DDF'}
2024-11-09 18:38:50,432 - infrastructure_chatbot - INFO - {'PROJECTNAME': 'Completion of Staff House', 'PROJECTCODE': '000ccd30', 'PROJECTSTATUS': 'Unknown', 'PROJECTSECTOR': 'Education', 'REGION': 'Central Region', 'DISTRICT': 'Dowa', 'BUDGET': 0.0, 'COMPLETIONPERCENTAGE': 0, 'PROJECTTYPE': 'Teacher house construction and rehabilitation', 'FUNDINGSOURCE': 'DDF'}
2024-11-09 18:38:50,433 - infrastructure_chatbot - INFO - Successfully loaded 198 projects
2024-11-09 18:38:50,434 - infrastructure_chatbot - INFO - Successfully loaded 198 projects
2024-11-09 18:39:05,860 - infrastructure_chatbot - INFO - Initialized embeddings
2024-11-09 18:39:05,875 - infrastructure_chatbot - INFO - Prepared 198 documents for vector store
2024-11-09 18:39:15,819 - infrastructure_chatbot - INFO - Vector store initialized successfully
2024-11-09 18:39:19,832 - infrastructure_chatbot - INFO - Initialized embeddings
2024-11-09 18:39:19,864 - infrastructure_chatbot - INFO - Prepared 198 documents for vector store
2024-11-09 18:39:20,681 - infrastructure_chatbot - INFO - Initialized embeddings
2024-11-09 18:39:20,715 - infrastructure_chatbot - INFO - Prepared 198 documents for vector store
2024-11-09 18:39:28,230 - infrastructure_chatbot - INFO - Vector store initialized successfully
2024-11-09 18:39:29,022 - infrastructure_chatbot - INFO - Vector store initialized successfully
2024-11-09 18:39:32,996 - infrastructure_chatbot - INFO - Initialized embeddings
2024-11-09 18:39:33,055 - infrastructure_chatbot - INFO - Prepared 198 documents for vector store
2024-11-09 18:39:33,173 - infrastructure_chatbot - INFO - Initialized embeddings
2024-11-09 18:39:33,220 - infrastructure_chatbot - INFO - Prepared 198 documents for vector store
2024-11-09 18:39:40,484 - infrastructure_chatbot - INFO - Vector store initialized successfully
2024-11-09 18:39:40,819 - infrastructure_chatbot - INFO - Vector store initialized successfully
2024-11-09 18:39:45,663 - infrastructure_chatbot - INFO - Initialized embeddings
2024-11-09 18:39:45,701 - infrastructure_chatbot - INFO - Prepared 198 documents for vector store
2024-11-09 18:39:49,381 - infrastructure_chatbot - INFO - Vector store initialized successfully
2024-11-09 18:41:22,105 - infrastructure_chatbot - INFO - Attempting to connect to database: C:/Users/MukundiMphaphuli/Desktop/Use Case 2/final_project/malawi_projects1.db
2024-11-09 18:41:22,105 - infrastructure_chatbot - INFO - Attempting to connect to database: C:/Users/MukundiMphaphuli/Desktop/Use Case 2/final_project/malawi_projects1.db
2024-11-09 18:41:22,105 - infrastructure_chatbot - INFO - Successfully loaded 198 projects
2024-11-09 18:41:22,118 - infrastructure_chatbot - INFO - Sample data from first row:
2024-11-09 18:41:22,118 - infrastructure_chatbot - INFO - {'PROJECTNAME': 'Completion of Staff House', 'PROJECTCODE': '000ccd30', 'PROJECTSTATUS': 'Unknown', 'PROJECTSECTOR': 'Education', 'REGION': 'Central Region', 'DISTRICT': 'Dowa', 'BUDGET': 0.0, 'COMPLETIONPERCENTAGE': 0, 'PROJECTTYPE': 'Teacher house construction and rehabilitation', 'FUNDINGSOURCE': 'DDF'}
2024-11-09 18:41:22,119 - infrastructure_chatbot - INFO - Successfully loaded 198 projects
2024-11-09 18:41:22,119 - infrastructure_chatbot - INFO - Sample data from first row:
2024-11-09 18:41:22,120 - infrastructure_chatbot - INFO - Successfully loaded 198 projects
2024-11-09 18:41:22,120 - infrastructure_chatbot - INFO - {'PROJECTNAME': 'Completion of Staff House', 'PROJECTCODE': '000ccd30', 'PROJECTSTATUS': 'Unknown', 'PROJECTSECTOR': 'Education', 'REGION': 'Central Region', 'DISTRICT': 'Dowa', 'BUDGET': 0.0, 'COMPLETIONPERCENTAGE': 0, 'PROJECTTYPE': 'Teacher house construction and rehabilitation', 'FUNDINGSOURCE': 'DDF'}
2024-11-09 18:41:22,121 - infrastructure_chatbot - INFO - Successfully loaded 198 projects
2024-11-09 18:41:22,146 - infrastructure_chatbot - INFO - Attempting to connect to database: C:/Users/MukundiMphaphuli/Desktop/Use Case 2/final_project/malawi_projects1.db
2024-11-09 18:41:22,151 - infrastructure_chatbot - INFO - Successfully loaded 198 projects
2024-11-09 18:41:22,151 - infrastructure_chatbot - INFO - Sample data from first row:
2024-11-09 18:41:22,151 - infrastructure_chatbot - INFO - {'PROJECTNAME': 'Completion of Staff House', 'PROJECTCODE': '000ccd30', 'PROJECTSTATUS': 'Unknown', 'PROJECTSECTOR': 'Education', 'REGION': 'Central Region', 'DISTRICT': 'Dowa', 'BUDGET': 0.0, 'COMPLETIONPERCENTAGE': 0, 'PROJECTTYPE': 'Teacher house construction and rehabilitation', 'FUNDINGSOURCE': 'DDF'}
2024-11-09 18:41:22,151 - infrastructure_chatbot - INFO - Successfully loaded 198 projects
2024-11-09 18:41:22,250 - infrastructure_chatbot - INFO - Attempting to connect to database: C:/Users/MukundiMphaphuli/Desktop/Use Case 2/final_project/malawi_projects1.db
2024-11-09 18:41:22,265 - infrastructure_chatbot - INFO - Successfully loaded 198 projects
2024-11-09 18:41:22,265 - infrastructure_chatbot - INFO - Sample data from first row:
2024-11-09 18:41:22,265 - infrastructure_chatbot - INFO - {'PROJECTNAME': 'Completion of Staff House', 'PROJECTCODE': '000ccd30', 'PROJECTSTATUS': 'Unknown', 'PROJECTSECTOR': 'Education', 'REGION': 'Central Region', 'DISTRICT': 'Dowa', 'BUDGET': 0.0, 'COMPLETIONPERCENTAGE': 0, 'PROJECTTYPE': 'Teacher house construction and rehabilitation', 'FUNDINGSOURCE': 'DDF'}
2024-11-09 18:41:22,265 - infrastructure_chatbot - INFO - Successfully loaded 198 projects
2024-11-09 18:41:22,304 - infrastructure_chatbot - INFO - Attempting to connect to database: C:/Users/MukundiMphaphuli/Desktop/Use Case 2/final_project/malawi_projects1.db
2024-11-09 18:41:22,310 - infrastructure_chatbot - INFO - Successfully loaded 198 projects
2024-11-09 18:41:22,310 - infrastructure_chatbot - INFO - Sample data from first row:
2024-11-09 18:41:22,310 - infrastructure_chatbot - INFO - {'PROJECTNAME': 'Completion of Staff House', 'PROJECTCODE': '000ccd30', 'PROJECTSTATUS': 'Unknown', 'PROJECTSECTOR': 'Education', 'REGION': 'Central Region', 'DISTRICT': 'Dowa', 'BUDGET': 0.0, 'COMPLETIONPERCENTAGE': 0, 'PROJECTTYPE': 'Teacher house construction and rehabilitation', 'FUNDINGSOURCE': 'DDF'}
2024-11-09 18:41:22,310 - infrastructure_chatbot - INFO - Successfully loaded 198 projects
2024-11-09 18:41:22,319 - infrastructure_chatbot - INFO - Attempting to connect to database: C:/Users/MukundiMphaphuli/Desktop/Use Case 2/final_project/malawi_projects1.db
2024-11-09 18:41:22,319 - infrastructure_chatbot - INFO - Successfully loaded 198 projects
2024-11-09 18:41:22,319 - infrastructure_chatbot - INFO - Sample data from first row:
2024-11-09 18:41:22,329 - infrastructure_chatbot - INFO - {'PROJECTNAME': 'Completion of Staff House', 'PROJECTCODE': '000ccd30', 'PROJECTSTATUS': 'Unknown', 'PROJECTSECTOR': 'Education', 'REGION': 'Central Region', 'DISTRICT': 'Dowa', 'BUDGET': 0.0, 'COMPLETIONPERCENTAGE': 0, 'PROJECTTYPE': 'Teacher house construction and rehabilitation', 'FUNDINGSOURCE': 'DDF'}
2024-11-09 18:41:22,330 - infrastructure_chatbot - INFO - Successfully loaded 198 projects
2024-11-09 18:41:53,176 - infrastructure_chatbot - INFO - Initialized embeddings
2024-11-09 18:41:53,260 - infrastructure_chatbot - INFO - Prepared 198 documents for vector store
2024-11-09 18:41:55,271 - infrastructure_chatbot - INFO - Initialized embeddings
2024-11-09 18:41:55,315 - infrastructure_chatbot - INFO - Prepared 198 documents for vector store
2024-11-09 18:41:55,544 - infrastructure_chatbot - INFO - Initialized embeddings
2024-11-09 18:41:55,575 - infrastructure_chatbot - INFO - Prepared 198 documents for vector store
2024-11-09 18:41:59,917 - infrastructure_chatbot - INFO - Vector store initialized successfully
2024-11-09 18:42:02,688 - infrastructure_chatbot - INFO - Vector store initialized successfully
2024-11-09 18:42:02,884 - infrastructure_chatbot - INFO - Vector store initialized successfully
2024-11-09 18:42:24,587 - infrastructure_chatbot - INFO - Initialized embeddings
2024-11-09 18:42:24,587 - infrastructure_chatbot - INFO - Initialized embeddings
2024-11-09 18:42:24,602 - infrastructure_chatbot - INFO - Initialized embeddings
2024-11-09 18:42:24,653 - infrastructure_chatbot - INFO - Prepared 198 documents for vector store
2024-11-09 18:42:24,653 - infrastructure_chatbot - INFO - Prepared 198 documents for vector store
2024-11-09 18:42:24,668 - infrastructure_chatbot - INFO - Prepared 198 documents for vector store
2024-11-09 18:42:32,167 - infrastructure_chatbot - INFO - Vector store initialized successfully
2024-11-09 18:42:32,167 - infrastructure_chatbot - INFO - Vector store initialized successfully
2024-11-09 18:42:32,202 - infrastructure_chatbot - INFO - Vector store initialized successfully
2024-11-09 18:42:58,167 - infrastructure_chatbot - INFO - Attempting to connect to database: C:/Users/MukundiMphaphuli/Desktop/Use Case 2/final_project/malawi_projects1.db
2024-11-09 18:42:58,167 - infrastructure_chatbot - INFO - Successfully loaded 198 projects
2024-11-09 18:42:58,167 - infrastructure_chatbot - INFO - Sample data from first row:
2024-11-09 18:42:58,175 - infrastructure_chatbot - INFO - {'PROJECTNAME': 'Completion of Staff House', 'PROJECTCODE': '000ccd30', 'PROJECTSTATUS': 'Unknown', 'PROJECTSECTOR': 'Education', 'REGION': 'Central Region', 'DISTRICT': 'Dowa', 'BUDGET': 0.0, 'COMPLETIONPERCENTAGE': 0, 'PROJECTTYPE': 'Teacher house construction and rehabilitation', 'FUNDINGSOURCE': 'DDF'}
2024-11-09 18:42:58,175 - infrastructure_chatbot - INFO - Successfully loaded 198 projects
2024-11-09 18:43:12,504 - infrastructure_chatbot - INFO - Initialized embeddings
2024-11-09 18:43:12,572 - infrastructure_chatbot - INFO - Prepared 198 documents for vector store
2024-11-09 18:43:14,614 - infrastructure_chatbot - INFO - Vector store initialized successfully
2024-11-09 19:06:51,864 - infrastructure_chatbot - INFO - Attempting to connect to database: C:\Users\MukundiMphaphuli\Desktop\Use Case 2\final_project\malawi_projects1.db
2024-11-09 19:06:51,873 - infrastructure_chatbot - INFO - Successfully loaded 198 projects
2024-11-09 19:06:51,874 - infrastructure_chatbot - INFO - Sample data from first row: {'PROJECTNAME': 'Completion of Staff House', 'PROJECTCODE': '000ccd30', 'PROJECTSTATUS': 'Unknown', 'PROJECTSECTOR': 'Education', 'REGION': 'Central Region', 'DISTRICT': 'Dowa', 'BUDGET': 0.0, 'COMPLETIONPERCENTAGE': 0, 'PROJECTTYPE': 'Teacher house construction and rehabilitation', 'FUNDINGSOURCE': 'DDF'}
2024-11-09 19:07:07,652 - infrastructure_chatbot - INFO - Initialized embeddings
2024-11-09 19:07:07,698 - infrastructure_chatbot - ERROR - Error during startup initialization: 'dict' object has no attribute 'page_content'
2024-11-09 19:14:14,293 - infrastructure_chatbot - INFO - Attempting to connect to database: C:\Users\MukundiMphaphuli\Desktop\Use Case 2\final_project\malawi_projects1.db
2024-11-09 19:14:14,305 - infrastructure_chatbot - INFO - Successfully loaded 198 projects
2024-11-09 19:14:14,305 - infrastructure_chatbot - INFO - Sample data from first row: {'PROJECTNAME': 'Completion of Staff House', 'PROJECTCODE': '000ccd30', 'PROJECTSTATUS': 'Unknown', 'PROJECTSECTOR': 'Education', 'REGION': 'Central Region', 'DISTRICT': 'Dowa', 'BUDGET': 0.0, 'COMPLETIONPERCENTAGE': 0, 'PROJECTTYPE': 'Teacher house construction and rehabilitation', 'FUNDINGSOURCE': 'DDF'}
2024-11-09 19:14:14,331 - infrastructure_chatbot - INFO - Attempting to connect to database: C:\Users\MukundiMphaphuli\Desktop\Use Case 2\final_project\malawi_projects1.db
2024-11-09 19:14:14,337 - infrastructure_chatbot - INFO - Successfully loaded 198 projects
2024-11-09 19:14:14,338 - infrastructure_chatbot - INFO - Sample data from first row: {'PROJECTNAME': 'Completion of Staff House', 'PROJECTCODE': '000ccd30', 'PROJECTSTATUS': 'Unknown', 'PROJECTSECTOR': 'Education', 'REGION': 'Central Region', 'DISTRICT': 'Dowa', 'BUDGET': 0.0, 'COMPLETIONPERCENTAGE': 0, 'PROJECTTYPE': 'Teacher house construction and rehabilitation', 'FUNDINGSOURCE': 'DDF'}
2024-11-09 19:14:14,359 - infrastructure_chatbot - INFO - Attempting to connect to database: C:\Users\MukundiMphaphuli\Desktop\Use Case 2\final_project\malawi_projects1.db
2024-11-09 19:14:14,366 - infrastructure_chatbot - INFO - Attempting to connect to database: C:\Users\MukundiMphaphuli\Desktop\Use Case 2\final_project\malawi_projects1.db
2024-11-09 19:14:14,367 - infrastructure_chatbot - INFO - Successfully loaded 198 projects
2024-11-09 19:14:14,367 - infrastructure_chatbot - INFO - Attempting to connect to database: C:\Users\MukundiMphaphuli\Desktop\Use Case 2\final_project\malawi_projects1.db
2024-11-09 19:14:14,367 - infrastructure_chatbot - INFO - Attempting to connect to database: C:\Users\MukundiMphaphuli\Desktop\Use Case 2\final_project\malawi_projects1.db
2024-11-09 19:14:14,368 - infrastructure_chatbot - INFO - Sample data from first row: {'PROJECTNAME': 'Completion of Staff House', 'PROJECTCODE': '000ccd30', 'PROJECTSTATUS': 'Unknown', 'PROJECTSECTOR': 'Education', 'REGION': 'Central Region', 'DISTRICT': 'Dowa', 'BUDGET': 0.0, 'COMPLETIONPERCENTAGE': 0, 'PROJECTTYPE': 'Teacher house construction and rehabilitation', 'FUNDINGSOURCE': 'DDF'}
2024-11-09 19:14:14,372 - infrastructure_chatbot - INFO - Successfully loaded 198 projects
2024-11-09 19:14:14,373 - infrastructure_chatbot - INFO - Successfully loaded 198 projects
2024-11-09 19:14:14,373 - infrastructure_chatbot - INFO - Successfully loaded 198 projects
ECTNAME': 'Completion of Staff House', 'PROJECTCODE': '000ccd30', 'PROJECTSTATUS': 'Unknown', 'PROJECTSECTOR': 'Education', 'REGION': 'Central Region', 'DISTRICT': 'Dowa', 'BUDGET': 0.0, 'COMPLETIONPERCENTAGE': 0, 'PROJECTTYPE': 'Teacher house construction and rehabilitation', 'FUNDINGSOURCE': 'DDF'}
2024-11-09 19:14:14,374 - infrastructure_chatbot - INFO - Sample data from first row: {'PROJECTNAME': 'Completion of Staff House', 'PROJECTCODE': '000ccd30', 'PROJECTSTATUS': 'Unknown', 'PROJECTSECTOR': 'Education', 'REGION': 'Central Region', 'DISTRICT': 'Dowa', 'BUDGET': 0.0, 'COMPLETIONPERCENTAGE': 0, 'PROJECTTYPE': 'Teacher house construction and rehabilitation', 'FUNDINGSOURCE': 'DDF'}
2024-11-09 19:14:14,374 - infrastructure_chatbot - INFO - Sample data from first row: {'PROJECTNAME': 'Completion of Staff House', 'PROJECTCODE': '000ccd30', 'PROJECTSTATUS': 'Unknown', 'PROJECTSECTOR': 'Education', 'REGION': 'Central Region', 'DISTRICT': 'Dowa', 'BUDGET': 0.0, 'COMPLETIONPERCENTAGE': 0, 'PROJECTTYPE': 'Teacher house construction and rehabilitation', 'FUNDINGSOURCE': 'DDF'}
2024-11-09 19:14:15,440 - infrastructure_chatbot - INFO - Attempting to connect to database: C:\Users\MukundiMphaphuli\Desktop\Use Case 2\final_project\malawi_projects1.db
2024-11-09 19:14:15,440 - infrastructure_chatbot - INFO - Successfully loaded 198 projects
2024-11-09 19:14:15,440 - infrastructure_chatbot - INFO - Sample data from first row: {'PROJECTNAME': 'Completion of Staff House', 'PROJECTCODE': '000ccd30', 'PROJECTSTATUS': 'Unknown', 'PROJECTSECTOR': 'Education', 'REGION': 'Central Region', 'DISTRICT': 'Dowa', 'BUDGET': 0.0, 'COMPLETIONPERCENTAGE': 0, 'PROJECTTYPE': 'Teacher house construction and rehabilitation', 'FUNDINGSOURCE': 'DDF'}
2024-11-09 19:14:38,863 - infrastructure_chatbot - INFO - Initialized embeddings
2024-11-09 19:14:38,933 - infrastructure_chatbot - ERROR - Error during startup initialization: 'dict' object has no attribute 'page_content'
2024-11-09 19:14:40,982 - infrastructure_chatbot - INFO - Initialized embeddings
2024-11-09 19:14:41,032 - infrastructure_chatbot - ERROR - Error during startup initialization: 'dict' object has no attribute 'page_content'
2024-11-09 19:14:41,044 - infrastructure_chatbot - INFO - Initialized embeddings
2024-11-09 19:14:41,076 - infrastructure_chatbot - ERROR - Error during startup initialization: 'dict' object has no attribute 'page_content'
2024-11-09 19:14:47,631 - infrastructure_chatbot - INFO - Initialized embeddings
2024-11-09 19:14:47,682 - infrastructure_chatbot - ERROR - Error during startup initialization: 'dict' object has no attribute 'page_content'
2024-11-09 19:14:47,748 - infrastructure_chatbot - INFO - Initialized embeddings
2024-11-09 19:14:47,795 - infrastructure_chatbot - ERROR - Error during startup initialization: 'dict' object has no attribute 'page_content'
2024-11-09 19:14:47,888 - infrastructure_chatbot - INFO - Initialized embeddings
2024-11-09 19:14:47,935 - infrastructure_chatbot - ERROR - Error during startup initialization: 'dict' object has no attribute 'page_content'
2024-11-09 19:19:14,664 - infrastructure_chatbot - INFO - Starting project data loading
2024-11-09 19:19:14,664 - infrastructure_chatbot - INFO - Attempting to connect to database: C:\Users\MukundiMphaphuli\Desktop\Use Case 2\final_project\malawi_projects1.db
2024-11-09 19:19:14,676 - infrastructure_chatbot - INFO - Successfully loaded 198 projects
2024-11-09 19:19:14,676 - infrastructure_chatbot - INFO - Sample data from first row: {'PROJECTNAME': 'Completion of Staff House', 'PROJECTCODE': '000ccd30', 'PROJECTSTATUS': 'Unknown', 'PROJECTSECTOR': 'Education', 'REGION': 'Central Region', 'DISTRICT': 'Dowa', 'BUDGET': 0.0, 'COMPLETIONPERCENTAGE': 0, 'PROJECTTYPE': 'Teacher house construction and rehabilitation', 'FUNDINGSOURCE': 'DDF'}
2024-11-09 19:19:14,676 - infrastructure_chatbot - INFO - Project data loaded successfully
2024-11-09 19:19:14,693 - infrastructure_chatbot - INFO - Starting project data loading
2024-11-09 19:19:14,693 - infrastructure_chatbot - INFO - Attempting to connect to database: C:\Users\MukundiMphaphuli\Desktop\Use Case 2\final_project\malawi_projects1.db
2024-11-09 19:19:14,693 - infrastructure_chatbot - INFO - Successfully loaded 198 projects
2024-11-09 19:19:14,693 - infrastructure_chatbot - INFO - Sample data from first row: {'PROJECTNAME': 'Completion of Staff House', 'PROJECTCODE': '000ccd30', 'PROJECTSTATUS': 'Unknown', 'PROJECTSECTOR': 'Education', 'REGION': 'Central Region', 'DISTRICT': 'Dowa', 'BUDGET': 0.0, 'COMPLETIONPERCENTAGE': 0, 'PROJECTTYPE': 'Teacher house construction and rehabilitation', 'FUNDINGSOURCE': 'DDF'}
2024-11-09 19:19:14,701 - infrastructure_chatbot - INFO - Project data loaded successfully
2024-11-09 19:19:14,780 - infrastructure_chatbot - INFO - Starting project data loading
2024-11-09 19:19:14,780 - infrastructure_chatbot - INFO - Attempting to connect to database: C:\Users\MukundiMphaphuli\Desktop\Use Case 2\final_project\malawi_projects1.db
2024-11-09 19:19:14,789 - infrastructure_chatbot - INFO - Successfully loaded 198 projects
2024-11-09 19:19:14,789 - infrastructure_chatbot - INFO - Sample data from first row: {'PROJECTNAME': 'Completion of Staff House', 'PROJECTCODE': '000ccd30', 'PROJECTSTATUS': 'Unknown', 'PROJECTSECTOR': 'Education', 'REGION': 'Central Region', 'DISTRICT': 'Dowa', 'BUDGET': 0.0, 'COMPLETIONPERCENTAGE': 0, 'PROJECTTYPE': 'Teacher house construction and rehabilitation', 'FUNDINGSOURCE': 'DDF'}
2024-11-09 19:19:14,796 - infrastructure_chatbot - INFO - Project data loaded successfully
2024-11-09 19:19:14,812 - infrastructure_chatbot - INFO - Starting project data loading
2024-11-09 19:19:14,822 - infrastructure_chatbot - INFO - Attempting to connect to database: C:\Users\MukundiMphaphuli\Desktop\Use Case 2\final_project\malawi_projects1.db
2024-11-09 19:19:14,822 - infrastructure_chatbot - INFO - Successfully loaded 198 projects
2024-11-09 19:19:14,822 - infrastructure_chatbot - INFO - Sample data from first row: {'PROJECTNAME': 'Completion of Staff House', 'PROJECTCODE': '000ccd30', 'PROJECTSTATUS': 'Unknown', 'PROJECTSECTOR': 'Education', 'REGION': 'Central Region', 'DISTRICT': 'Dowa', 'BUDGET': 0.0, 'COMPLETIONPERCENTAGE': 0, 'PROJECTTYPE': 'Teacher house construction and rehabilitation', 'FUNDINGSOURCE': 'DDF'}
2024-11-09 19:19:14,829 - infrastructure_chatbot - INFO - Project data loaded successfully
2024-11-09 19:19:14,892 - infrastructure_chatbot - INFO - Starting project data loading
2024-11-09 19:19:14,892 - infrastructure_chatbot - INFO - Attempting to connect to database: C:\Users\MukundiMphaphuli\Desktop\Use Case 2\final_project\malawi_projects1.db
2024-11-09 19:19:14,902 - infrastructure_chatbot - INFO - Successfully loaded 198 projects
2024-11-09 19:19:14,902 - infrastructure_chatbot - INFO - Sample data from first row: {'PROJECTNAME': 'Completion of Staff House', 'PROJECTCODE': '000ccd30', 'PROJECTSTATUS': 'Unknown', 'PROJECTSECTOR': 'Education', 'REGION': 'Central Region', 'DISTRICT': 'Dowa', 'BUDGET': 0.0, 'COMPLETIONPERCENTAGE': 0, 'PROJECTTYPE': 'Teacher house construction and rehabilitation', 'FUNDINGSOURCE': 'DDF'}
2024-11-09 19:19:14,902 - infrastructure_chatbot - INFO - Project data loaded successfully
2024-11-09 19:19:15,088 - infrastructure_chatbot - INFO - Starting project data loading
2024-11-09 19:19:15,088 - infrastructure_chatbot - INFO - Attempting to connect to database: C:\Users\MukundiMphaphuli\Desktop\Use Case 2\final_project\malawi_projects1.db
2024-11-09 19:19:15,103 - infrastructure_chatbot - INFO - Successfully loaded 198 projects
2024-11-09 19:19:15,103 - infrastructure_chatbot - INFO - Sample data from first row: {'PROJECTNAME': 'Completion of Staff House', 'PROJECTCODE': '000ccd30', 'PROJECTSTATUS': 'Unknown', 'PROJECTSECTOR': 'Education', 'REGION': 'Central Region', 'DISTRICT': 'Dowa', 'BUDGET': 0.0, 'COMPLETIONPERCENTAGE': 0, 'PROJECTTYPE': 'Teacher house construction and rehabilitation', 'FUNDINGSOURCE': 'DDF'}
2024-11-09 19:19:15,103 - infrastructure_chatbot - INFO - Project data loaded successfully
2024-11-09 19:19:39,108 - infrastructure_chatbot - INFO - Initialized embeddings
2024-11-09 19:19:39,108 - infrastructure_chatbot - INFO - Loading vector store with embeddings...
2024-11-09 19:19:39,158 - infrastructure_chatbot - ERROR - Error during startup initialization: 'dict' object has no attribute 'page_content'
2024-11-09 19:19:39,271 - infrastructure_chatbot - INFO - Initialized embeddings
2024-11-09 19:19:39,271 - infrastructure_chatbot - INFO - Loading vector store with embeddings...
2024-11-09 19:19:39,318 - infrastructure_chatbot - ERROR - Error during startup initialization: 'dict' object has no attribute 'page_content'
2024-11-09 19:19:39,318 - infrastructure_chatbot - ERROR - Error during startup initialization: 'dict' object has no attribute 'page_content'
2024-11-09 19:19:45,252 - infrastructure_chatbot - INFO - Initialized embeddings
2024-11-09 19:19:45,254 - infrastructure_chatbot - INFO - Loading vector store with embeddings...
2024-11-09 19:19:45,316 - infrastructure_chatbot - INFO - Initialized embeddings
2024-11-09 19:19:45,318 - infrastructure_chatbot - INFO - Loading vector store with embeddings...
2024-11-09 19:19:45,331 - infrastructure_chatbot - ERROR - Error during startup initialization: 'dict' object has no attribute 'page_content'
2024-11-09 19:19:45,405 - infrastructure_chatbot - ERROR - Error during startup initialization: 'dict' object has no attribute 'page_content'
2024-11-09 19:19:45,437 - infrastructure_chatbot - INFO - Initialized embeddings
2024-11-09 19:19:45,439 - infrastructure_chatbot - INFO - Loading vector store with embeddings...
2024-11-09 19:19:45,505 - infrastructure_chatbot - ERROR - Error during startup initialization: 'dict' object has no attribute 'page_content'
2024-11-09 19:23:05,382 - infrastructure_chatbot - INFO - Starting project data loading
2024-11-09 19:23:05,382 - infrastructure_chatbot - INFO - Attempting to connect to database: C:\Users\MukundiMphaphuli\Desktop\Use Case 2\final_project\malawi_projects1.db
2024-11-09 19:23:05,386 - infrastructure_chatbot - INFO - Successfully loaded 198 projects
2024-11-09 19:23:05,387 - infrastructure_chatbot - INFO - Sample data from first row: {'PROJECTNAME': 'Completion of Staff House', 'PROJECTCODE': '000ccd30', 'PROJECTSTATUS': 'Unknown', 'PROJECTSECTOR': 'Education', 'REGION': 'Central Region', 'DISTRICT': 'Dowa', 'BUDGET': 0.0, 'COMPLETIONPERCENTAGE': 0, 'PROJECTTYPE': 'Teacher house construction and rehabilitation', 'FUNDINGSOURCE': 'DDF'}
2024-11-09 19:23:05,388 - infrastructure_chatbot - INFO - Project data loaded successfully
2024-11-09 19:23:19,029 - infrastructure_chatbot - INFO - Initialized embeddings
2024-11-09 19:23:19,030 - infrastructure_chatbot - INFO - Loading vector store with embeddings...
2024-11-09 19:23:19,079 - infrastructure_chatbot - ERROR - Error during startup initialization: 'dict' object has no attribute 'page_content'
2024-11-10 01:33:21,307 - infrastructure_chatbot - INFO - Starting project data loading
2024-11-10 01:33:21,307 - infrastructure_chatbot - INFO - Attempting to connect to database: C:\Users\MukundiMphaphuli\Desktop\Use Case 2\final_project\malawi_projects1.db
2024-11-10 01:33:21,312 - infrastructure_chatbot - INFO - Successfully loaded 198 projects
2024-11-10 01:33:21,312 - infrastructure_chatbot - INFO - Sample data from first row: {'PROJECTNAME': 'Completion of Staff House', 'PROJECTCODE': '000ccd30', 'PROJECTSTATUS': 'Unknown', 'PROJECTSECTOR': 'Education', 'REGION': 'Central Region', 'DISTRICT': 'Dowa', 'BUDGET': 0.0, 'COMPLETIONPERCENTAGE': 0, 'PROJECTTYPE': 'Teacher house construction and rehabilitation', 'FUNDINGSOURCE': 'DDF'}
2024-11-10 01:33:21,319 - infrastructure_chatbot - INFO - Project data loaded successfully
2024-11-10 01:33:21,333 - infrastructure_chatbot - INFO - Starting project data loading
2024-11-10 01:33:21,339 - infrastructure_chatbot - INFO - Attempting to connect to database: C:\Users\MukundiMphaphuli\Desktop\Use Case 2\final_project\malawi_projects1.db
2024-11-10 01:33:21,341 - infrastructure_chatbot - INFO - Successfully loaded 198 projects
2024-11-10 01:33:21,347 - infrastructure_chatbot - INFO - Sample data from first row: {'PROJECTNAME': 'Completion of Staff House', 'PROJECTCODE': '000ccd30', 'PROJECTSTATUS': 'Unknown', 'PROJECTSECTOR': 'Education', 'REGION': 'Central Region', 'DISTRICT': 'Dowa', 'BUDGET': 0.0, 'COMPLETIONPERCENTAGE': 0, 'PROJECTTYPE': 'Teacher house construction and rehabilitation', 'FUNDINGSOURCE': 'DDF'}
2024-11-10 01:33:21,347 - infrastructure_chatbot - INFO - Project data loaded successfully
2024-11-10 01:33:21,419 - infrastructure_chatbot - INFO - Starting project data loading
2024-11-10 01:33:21,419 - infrastructure_chatbot - INFO - Attempting to connect to database: C:\Users\MukundiMphaphuli\Desktop\Use Case 2\final_project\malawi_projects1.db
2024-11-10 01:33:21,426 - infrastructure_chatbot - INFO - Successfully loaded 198 projects
2024-11-10 01:33:21,426 - infrastructure_chatbot - INFO - Sample data from first row: {'PROJECTNAME': 'Completion of Staff House', 'PROJECTCODE': '000ccd30', 'PROJECTSTATUS': 'Unknown', 'PROJECTSECTOR': 'Education', 'REGION': 'Central Region', 'DISTRICT': 'Dowa', 'BUDGET': 0.0, 'COMPLETIONPERCENTAGE': 0, 'PROJECTTYPE': 'Teacher house construction and rehabilitation', 'FUNDINGSOURCE': 'DDF'}
2024-11-10 01:33:21,426 - infrastructure_chatbot - INFO - Project data loaded successfully
2024-11-10 01:33:21,684 - infrastructure_chatbot - INFO - Starting project data loading
2024-11-10 01:33:21,686 - infrastructure_chatbot - INFO - Attempting to connect to database: C:\Users\MukundiMphaphuli\Desktop\Use Case 2\final_project\malawi_projects1.db
2024-11-10 01:33:21,691 - infrastructure_chatbot - INFO - Successfully loaded 198 projects
2024-11-10 01:33:21,693 - infrastructure_chatbot - INFO - Sample data from first row: {'PROJECTNAME': 'Completion of Staff House', 'PROJECTCODE': '000ccd30', 'PROJECTSTATUS': 'Unknown', 'PROJECTSECTOR': 'Education', 'REGION': 'Central Region', 'DISTRICT': 'Dowa', 'BUDGET': 0.0, 'COMPLETIONPERCENTAGE': 0, 'PROJECTTYPE': 'Teacher house construction and rehabilitation', 'FUNDINGSOURCE': 'DDF'}
2024-11-10 01:33:21,695 - infrastructure_chatbot - INFO - Project data loaded successfully
2024-11-10 01:33:21,844 - infrastructure_chatbot - INFO - Starting project data loading
2024-11-10 01:33:21,857 - infrastructure_chatbot - INFO - Attempting to connect to database: C:\Users\MukundiMphaphuli\Desktop\Use Case 2\final_project\malawi_projects1.db
2024-11-10 01:33:21,857 - infrastructure_chatbot - INFO - Successfully loaded 198 projects
2024-11-10 01:33:21,857 - infrastructure_chatbot - INFO - Sample data from first row: {'PROJECTNAME': 'Completion of Staff House', 'PROJECTCODE': '000ccd30', 'PROJECTSTATUS': 'Unknown', 'PROJECTSECTOR': 'Education', 'REGION': 'Central Region', 'DISTRICT': 'Dowa', 'BUDGET': 0.0, 'COMPLETIONPERCENTAGE': 0, 'PROJECTTYPE': 'Teacher house construction and rehabilitation', 'FUNDINGSOURCE': 'DDF'}
2024-11-10 01:33:21,857 - infrastructure_chatbot - INFO - Project data loaded successfully
2024-11-10 01:33:21,857 - infrastructure_chatbot - INFO - Starting project data loading
2024-11-10 01:33:21,857 - infrastructure_chatbot - INFO - Starting project data loading
2024-11-10 01:33:21,874 - infrastructure_chatbot - INFO - Attempting to connect to database: C:\Users\MukundiMphaphuli\Desktop\Use Case 2\final_project\malawi_projects1.db
2024-11-10 01:33:21,874 - infrastructure_chatbot - INFO - Attempting to connect to database: C:\Users\MukundiMphaphuli\Desktop\Use Case 2\final_project\malawi_projects1.db
2024-11-10 01:33:21,877 - infrastructure_chatbot - INFO - Successfully loaded 198 projects
2024-11-10 01:33:21,877 - infrastructure_chatbot - INFO - Successfully loaded 198 projects
2024-11-10 01:33:21,884 - infrastructure_chatbot - INFO - Sample data from first row: {'PROJECTNAME': 'Completion of Staff House', 'PROJECTCODE': '000ccd30', 'PROJECTSTATUS': 'Unknown', 'PROJECTSECTOR': 'Education', 'REGION': 'Central Region', 'DISTRICT': 'Dowa', 'BUDGET': 0.0, 'COMPLETIONPERCENTAGE': 0, 'PROJECTTYPE': 'Teacher house construction and rehabilitation', 'FUNDINGSOURCE': 'DDF'}
2024-11-10 01:33:21,884 - infrastructure_chatbot - INFO - Sample data from first row: {'PROJECTNAME': 'Completion of Staff House', 'PROJECTCODE': '000ccd30', 'PROJECTSTATUS': 'Unknown', 'PROJECTSECTOR': 'Education', 'REGION': 'Central Region', 'DISTRICT': 'Dowa', 'BUDGET': 0.0, 'COMPLETIONPERCENTAGE': 0, 'PROJECTTYPE': 'Teacher house construction and rehabilitation', 'FUNDINGSOURCE': 'DDF'}
2024-11-10 01:33:21,885 - infrastructure_chatbot - INFO - Project data loaded successfully
2024-11-10 01:33:21,885 - infrastructure_chatbot - INFO - Project data loaded successfully
2024-11-10 01:33:49,178 - infrastructure_chatbot - INFO - Initialized embeddings
2024-11-10 01:33:49,178 - infrastructure_chatbot - INFO - Initialized embeddings
2024-11-10 01:33:49,178 - infrastructure_chatbot - INFO - Loading vector store with embeddings...
2024-11-10 01:33:49,178 - infrastructure_chatbot - INFO - Initialized embeddings
2024-11-10 01:33:49,183 - infrastructure_chatbot - INFO - Loading vector store with embeddings...
2024-11-10 01:33:49,183 - infrastructure_chatbot - INFO - Loading vector store with embeddings...
2024-11-10 01:33:49,216 - infrastructure_chatbot - ERROR - Error during startup initialization: 'dict' object has no attribute 'page_content'
2024-11-10 01:33:49,219 - infrastructure_chatbot - ERROR - Error during startup initialization: 'dict' object has no attribute 'page_content'
2024-11-10 01:33:49,221 - infrastructure_chatbot - ERROR - Error during startup initialization: 'dict' object has no attribute 'page_content'
2024-11-10 01:34:02,249 - infrastructure_chatbot - INFO - Initialized embeddings
2024-11-10 01:34:02,249 - infrastructure_chatbot - INFO - Loading vector store with embeddings...
2024-11-10 01:34:02,316 - infrastructure_chatbot - ERROR - Error during startup initialization: 'dict' object has no attribute 'page_content'
2024-11-10 01:34:02,628 - infrastructure_chatbot - INFO - Initialized embeddings
2024-11-10 01:34:02,635 - infrastructure_chatbot - INFO - Loading vector store with embeddings...
2024-11-10 01:34:02,678 - infrastructure_chatbot - INFO - Initialized embeddings
2024-11-10 01:34:02,678 - infrastructure_chatbot - INFO - Loading vector store with embeddings...
2024-11-10 01:34:02,680 - infrastructure_chatbot - ERROR - Error during startup initialization: 'dict' object has no attribute 'page_content'
2024-11-10 01:34:02,725 - infrastructure_chatbot - ERROR - Error during startup initialization: 'dict' object has no attribute 'page_content'
2024-11-10 01:34:02,867 - infrastructure_chatbot - INFO - Initialized embeddings
2024-11-10 01:34:02,867 - infrastructure_chatbot - INFO - Loading vector store with embeddings...
2024-11-10 01:34:02,931 - infrastructure_chatbot - ERROR - Error during startup initialization: 'dict' object has no attribute 'page_content'
2024-11-10 01:34:09,577 - infrastructure_chatbot - INFO - Starting project data loading
2024-11-10 01:34:09,577 - infrastructure_chatbot - INFO - Attempting to connect to database: C:\Users\MukundiMphaphuli\Desktop\Use Case 2\final_project\malawi_projects1.db
2024-11-10 01:34:09,587 - infrastructure_chatbot - INFO - Successfully loaded 198 projects
2024-11-10 01:34:09,587 - infrastructure_chatbot - INFO - Sample data from first row: {'PROJECTNAME': 'Completion of Staff House', 'PROJECTCODE': '000ccd30', 'PROJECTSTATUS': 'Unknown', 'PROJECTSECTOR': 'Education', 'REGION': 'Central Region', 'DISTRICT': 'Dowa', 'BUDGET': 0.0, 'COMPLETIONPERCENTAGE': 0, 'PROJECTTYPE': 'Teacher house construction and rehabilitation', 'FUNDINGSOURCE': 'DDF'}
2024-11-10 01:34:09,587 - infrastructure_chatbot - INFO - Project data loaded successfully
2024-11-10 01:34:09,719 - infrastructure_chatbot - INFO - Starting project data loading
2024-11-10 01:34:09,719 - infrastructure_chatbot - INFO - Attempting to connect to database: C:\Users\MukundiMphaphuli\Desktop\Use Case 2\final_project\malawi_projects1.db
2024-11-10 01:34:09,733 - infrastructure_chatbot - INFO - Successfully loaded 198 projects
2024-11-10 01:34:09,739 - infrastructure_chatbot - INFO - Sample data from first row: {'PROJECTNAME': 'Completion of Staff House', 'PROJECTCODE': '000ccd30', 'PROJECTSTATUS': 'Unknown', 'PROJECTSECTOR': 'Education', 'REGION': 'Central Region', 'DISTRICT': 'Dowa', 'BUDGET': 0.0, 'COMPLETIONPERCENTAGE': 0, 'PROJECTTYPE': 'Teacher house construction and rehabilitation', 'FUNDINGSOURCE': 'DDF'}
2024-11-10 01:34:09,739 - infrastructure_chatbot - INFO - Starting project data loading
2024-11-10 01:34:09,739 - infrastructure_chatbot - INFO - Project data loaded successfully
2024-11-10 01:34:09,742 - infrastructure_chatbot - INFO - Attempting to connect to database: C:\Users\MukundiMphaphuli\Desktop\Use Case 2\final_project\malawi_projects1.db
2024-11-10 01:34:09,743 - infrastructure_chatbot - INFO - Successfully loaded 198 projects
2024-11-10 01:34:09,743 - infrastructure_chatbot - INFO - Sample data from first row: {'PROJECTNAME': 'Completion of Staff House', 'PROJECTCODE': '000ccd30', 'PROJECTSTATUS': 'Unknown', 'PROJECTSECTOR': 'Education', 'REGION': 'Central Region', 'DISTRICT': 'Dowa', 'BUDGET': 0.0, 'COMPLETIONPERCENTAGE': 0, 'PROJECTTYPE': 'Teacher house construction and rehabilitation', 'FUNDINGSOURCE': 'DDF'}
2024-11-10 01:34:09,743 - infrastructure_chatbot - INFO - Project data loaded successfully
2024-11-10 01:34:10,182 - infrastructure_chatbot - INFO - Starting project data loading
2024-11-10 01:34:10,187 - infrastructure_chatbot - INFO - Attempting to connect to database: C:\Users\MukundiMphaphuli\Desktop\Use Case 2\final_project\malawi_projects1.db
2024-11-10 01:34:10,194 - infrastructure_chatbot - INFO - Successfully loaded 198 projects
2024-11-10 01:34:10,196 - infrastructure_chatbot - INFO - Sample data from first row: {'PROJECTNAME': 'Completion of Staff House', 'PROJECTCODE': '000ccd30', 'PROJECTSTATUS': 'Unknown', 'PROJECTSECTOR': 'Education', 'REGION': 'Central Region', 'DISTRICT': 'Dowa', 'BUDGET': 0.0, 'COMPLETIONPERCENTAGE': 0, 'PROJECTTYPE': 'Teacher house construction and rehabilitation', 'FUNDINGSOURCE': 'DDF'}
2024-11-10 01:34:10,202 - infrastructure_chatbot - INFO - Project data loaded successfully
2024-11-10 01:34:10,336 - infrastructure_chatbot - INFO - Starting project data loading
2024-11-10 01:34:10,336 - infrastructure_chatbot - INFO - Attempting to connect to database: C:\Users\MukundiMphaphuli\Desktop\Use Case 2\final_project\malawi_projects1.db
2024-11-10 01:34:10,342 - infrastructure_chatbot - INFO - Successfully loaded 198 projects
2024-11-10 01:34:10,342 - infrastructure_chatbot - INFO - Sample data from first row: {'PROJECTNAME': 'Completion of Staff House', 'PROJECTCODE': '000ccd30', 'PROJECTSTATUS': 'Unknown', 'PROJECTSECTOR': 'Education', 'REGION': 'Central Region', 'DISTRICT': 'Dowa', 'BUDGET': 0.0, 'COMPLETIONPERCENTAGE': 0, 'PROJECTTYPE': 'Teacher house construction and rehabilitation', 'FUNDINGSOURCE': 'DDF'}
2024-11-10 01:34:10,349 - infrastructure_chatbot - INFO - Project data loaded successfully
2024-11-10 01:34:10,355 - infrastructure_chatbot - INFO - Starting project data loading
2024-11-10 01:34:10,355 - infrastructure_chatbot - INFO - Attempting to connect to database: C:\Users\MukundiMphaphuli\Desktop\Use Case 2\final_project\malawi_projects1.db
2024-11-10 01:34:10,370 - infrastructure_chatbot - INFO - Successfully loaded 198 projects
2024-11-10 01:34:10,370 - infrastructure_chatbot - INFO - Starting project data loading
2024-11-10 01:34:10,374 - infrastructure_chatbot - INFO - Sample data from first row: {'PROJECTNAME': 'Completion of Staff House', 'PROJECTCODE': '000ccd30', 'PROJECTSTATUS': 'Unknown', 'PROJECTSECTOR': 'Education', 'REGION': 'Central Region', 'DISTRICT': 'Dowa', 'BUDGET': 0.0, 'COMPLETIONPERCENTAGE': 0, 'PROJECTTYPE': 'Teacher house construction and rehabilitation', 'FUNDINGSOURCE': 'DDF'}
2024-11-10 01:34:10,374 - infrastructure_chatbot - INFO - Attempting to connect to database: C:\Users\MukundiMphaphuli\Desktop\Use Case 2\final_project\malawi_projects1.db
2024-11-10 01:34:10,375 - infrastructure_chatbot - INFO - Project data loaded successfully
2024-11-10 01:34:10,375 - infrastructure_chatbot - INFO - Successfully loaded 198 projects
2024-11-10 01:34:10,375 - infrastructure_chatbot - INFO - Sample data from first row: {'PROJECTNAME': 'Completion of Staff House', 'PROJECTCODE': '000ccd30', 'PROJECTSTATUS': 'Unknown', 'PROJECTSECTOR': 'Education', 'REGION': 'Central Region', 'DISTRICT': 'Dowa', 'BUDGET': 0.0, 'COMPLETIONPERCENTAGE': 0, 'PROJECTTYPE': 'Teacher house construction and rehabilitation', 'FUNDINGSOURCE': 'DDF'}
2024-11-10 01:34:10,375 - infrastructure_chatbot - INFO - Project data loaded successfully
2024-11-10 01:34:40,460 - infrastructure_chatbot - INFO - Initialized embeddings
2024-11-10 01:34:40,460 - infrastructure_chatbot - INFO - Loading vector store with embeddings...
2024-11-10 01:34:40,494 - infrastructure_chatbot - ERROR - Error during startup initialization: 'dict' object has no attribute 'page_content'
2024-11-10 01:34:41,388 - infrastructure_chatbot - INFO - Initialized embeddings
2024-11-10 01:34:41,388 - infrastructure_chatbot - INFO - Loading vector store with embeddings...
2024-11-10 01:34:41,435 - infrastructure_chatbot - ERROR - Error during startup initialization: 'dict' object has no attribute 'page_content'
2024-11-10 01:34:42,521 - infrastructure_chatbot - INFO - Initialized embeddings
2024-11-10 01:34:42,521 - infrastructure_chatbot - INFO - Loading vector store with embeddings...
2024-11-10 01:34:42,538 - infrastructure_chatbot - ERROR - Error during startup initialization: 'dict' object has no attribute 'page_content'
2024-11-10 01:34:46,707 - infrastructure_chatbot - INFO - Initialized embeddings
2024-11-10 01:34:46,707 - infrastructure_chatbot - INFO - Loading vector store with embeddings...
2024-11-10 01:34:46,775 - infrastructure_chatbot - ERROR - Error during startup initialization: 'dict' object has no attribute 'page_content'
2024-11-10 01:34:52,760 - infrastructure_chatbot - INFO - Initialized embeddings
2024-11-10 01:34:52,760 - infrastructure_chatbot - INFO - Loading vector store with embeddings...
2024-11-10 01:34:52,828 - infrastructure_chatbot - ERROR - Error during startup initialization: 'dict' object has no attribute 'page_content'
2024-11-10 01:34:52,844 - infrastructure_chatbot - INFO - Initialized embeddings
2024-11-10 01:34:52,844 - infrastructure_chatbot - INFO - Loading vector store with embeddings...
2024-11-10 01:34:52,894 - infrastructure_chatbot - ERROR - Error during startup initialization: 'dict' object has no attribute 'page_content'
2024-11-10 01:34:53,473 - infrastructure_chatbot - INFO - Initialized embeddings
2024-11-10 01:34:53,480 - infrastructure_chatbot - INFO - Loading vector store with embeddings...
2024-11-10 01:34:53,530 - infrastructure_chatbot - ERROR - Error during startup initialization: 'dict' object has no attribute 'page_content'
2024-11-10 01:36:01,613 - infrastructure_chatbot - INFO - Starting project data loading
2024-11-10 01:36:01,613 - infrastructure_chatbot - INFO - Attempting to connect to database: C:\Users\MukundiMphaphuli\Desktop\Use Case 2\final_project\malawi_projects1.db
2024-11-10 01:36:01,621 - infrastructure_chatbot - INFO - Successfully loaded 198 projects
2024-11-10 01:36:01,621 - infrastructure_chatbot - INFO - Sample data from first row: {'PROJECTNAME': 'Completion of Staff House', 'PROJECTCODE': '000ccd30', 'PROJECTSTATUS': 'Unknown', 'PROJECTSECTOR': 'Education', 'REGION': 'Central Region', 'DISTRICT': 'Dowa', 'BUDGET': 0.0, 'COMPLETIONPERCENTAGE': 0, 'PROJECTTYPE': 'Teacher house construction and rehabilitation', 'FUNDINGSOURCE': 'DDF'}
2024-11-10 01:36:01,621 - infrastructure_chatbot - INFO - Project data loaded successfully
2024-11-10 01:36:01,935 - infrastructure_chatbot - INFO - Starting project data loading
2024-11-10 01:36:01,935 - infrastructure_chatbot - INFO - Attempting to connect to database: C:\Users\MukundiMphaphuli\Desktop\Use Case 2\final_project\malawi_projects1.db
2024-11-10 01:36:01,944 - infrastructure_chatbot - INFO - Successfully loaded 198 projects
2024-11-10 01:36:01,944 - infrastructure_chatbot - INFO - Sample data from first row: {'PROJECTNAME': 'Completion of Staff House', 'PROJECTCODE': '000ccd30', 'PROJECTSTATUS': 'Unknown', 'PROJECTSECTOR': 'Education', 'REGION': 'Central Region', 'DISTRICT': 'Dowa', 'BUDGET': 0.0, 'COMPLETIONPERCENTAGE': 0, 'PROJECTTYPE': 'Teacher house construction and rehabilitation', 'FUNDINGSOURCE': 'DDF'}
2024-11-10 01:36:01,944 - infrastructure_chatbot - INFO - Project data loaded successfully
2024-11-10 01:36:01,944 - infrastructure_chatbot - INFO - Starting project data loading
2024-11-10 01:36:01,944 - infrastructure_chatbot - INFO - Attempting to connect to database: C:\Users\MukundiMphaphuli\Desktop\Use Case 2\final_project\malawi_projects1.db
2024-11-10 01:36:01,957 - infrastructure_chatbot - INFO - Successfully loaded 198 projects
2024-11-10 01:36:01,957 - infrastructure_chatbot - INFO - Sample data from first row: {'PROJECTNAME': 'Completion of Staff House', 'PROJECTCODE': '000ccd30', 'PROJECTSTATUS': 'Unknown', 'PROJECTSECTOR': 'Education', 'REGION': 'Central Region', 'DISTRICT': 'Dowa', 'BUDGET': 0.0, 'COMPLETIONPERCENTAGE': 0, 'PROJECTTYPE': 'Teacher house construction and rehabilitation', 'FUNDINGSOURCE': 'DDF'}
2024-11-10 01:36:01,957 - infrastructure_chatbot - INFO - Project data loaded successfully
2024-11-10 01:36:02,299 - infrastructure_chatbot - INFO - Starting project data loading
2024-11-10 01:36:02,314 - infrastructure_chatbot - INFO - Attempting to connect to database: C:\Users\MukundiMphaphuli\Desktop\Use Case 2\final_project\malawi_projects1.db
2024-11-10 01:36:02,315 - infrastructure_chatbot - INFO - Successfully loaded 198 projects
2024-11-10 01:36:02,315 - infrastructure_chatbot - INFO - Sample data from first row: {'PROJECTNAME': 'Completion of Staff House', 'PROJECTCODE': '000ccd30', 'PROJECTSTATUS': 'Unknown', 'PROJECTSECTOR': 'Education', 'REGION': 'Central Region', 'DISTRICT': 'Dowa', 'BUDGET': 0.0, 'COMPLETIONPERCENTAGE': 0, 'PROJECTTYPE': 'Teacher house construction and rehabilitation', 'FUNDINGSOURCE': 'DDF'}
2024-11-10 01:36:02,315 - infrastructure_chatbot - INFO - Project data loaded successfully
2024-11-10 01:36:02,353 - infrastructure_chatbot - INFO - Starting project data loading
2024-11-10 01:36:02,353 - infrastructure_chatbot - INFO - Attempting to connect to database: C:\Users\MukundiMphaphuli\Desktop\Use Case 2\final_project\malawi_projects1.db
2024-11-10 01:36:02,367 - infrastructure_chatbot - INFO - Successfully loaded 198 projects
2024-11-10 01:36:02,367 - infrastructure_chatbot - INFO - Sample data from first row: {'PROJECTNAME': 'Completion of Staff House', 'PROJECTCODE': '000ccd30', 'PROJECTSTATUS': 'Unknown', 'PROJECTSECTOR': 'Education', 'REGION': 'Central Region', 'DISTRICT': 'Dowa', 'BUDGET': 0.0, 'COMPLETIONPERCENTAGE': 0, 'PROJECTTYPE': 'Teacher house construction and rehabilitation', 'FUNDINGSOURCE': 'DDF'}
2024-11-10 01:36:02,370 - infrastructure_chatbot - INFO - Project data loaded successfully
2024-11-10 01:36:02,474 - infrastructure_chatbot - INFO - Starting project data loading
2024-11-10 01:36:02,477 - infrastructure_chatbot - INFO - Attempting to connect to database: C:\Users\MukundiMphaphuli\Desktop\Use Case 2\final_project\malawi_projects1.db
2024-11-10 01:36:02,477 - infrastructure_chatbot - INFO - Starting project data loading
2024-11-10 01:36:02,481 - infrastructure_chatbot - INFO - Attempting to connect to database: C:\Users\MukundiMphaphuli\Desktop\Use Case 2\final_project\malawi_projects1.db
2024-11-10 01:36:02,482 - infrastructure_chatbot - INFO - Successfully loaded 198 projects
2024-11-10 01:36:02,484 - infrastructure_chatbot - INFO - Sample data from first row: {'PROJECTNAME': 'Completion of Staff House', 'PROJECTCODE': '000ccd30', 'PROJECTSTATUS': 'Unknown', 'PROJECTSECTOR': 'Education', 'REGION': 'Central Region', 'DISTRICT': 'Dowa', 'BUDGET': 0.0, 'COMPLETIONPERCENTAGE': 0, 'PROJECTTYPE': 'Teacher house construction and rehabilitation', 'FUNDINGSOURCE': 'DDF'}
2024-11-10 01:36:02,486 - infrastructure_chatbot - INFO - Project data loaded successfully
2024-11-10 01:36:02,489 - infrastructure_chatbot - INFO - Successfully loaded 198 projects
2024-11-10 01:36:02,492 - infrastructure_chatbot - INFO - Sample data from first row: {'PROJECTNAME': 'Completion of Staff House', 'PROJECTCODE': '000ccd30', 'PROJECTSTATUS': 'Unknown', 'PROJECTSECTOR': 'Education', 'REGION': 'Central Region', 'DISTRICT': 'Dowa', 'BUDGET': 0.0, 'COMPLETIONPERCENTAGE': 0, 'PROJECTTYPE': 'Teacher house construction and rehabilitation', 'FUNDINGSOURCE': 'DDF'}
2024-11-10 01:36:02,492 - infrastructure_chatbot - INFO - Project data loaded successfully
2024-11-10 01:36:27,761 - infrastructure_chatbot - INFO - Initialized embeddings
2024-11-10 01:36:27,761 - infrastructure_chatbot - INFO - Loading vector store with embeddings...
2024-11-10 01:36:27,789 - infrastructure_chatbot - ERROR - Error during startup initialization: 'dict' object has no attribute 'page_content'
2024-11-10 01:36:28,606 - infrastructure_chatbot - INFO - Initialized embeddings
2024-11-10 01:36:28,609 - infrastructure_chatbot - INFO - Loading vector store with embeddings...
2024-11-10 01:36:28,659 - infrastructure_chatbot - ERROR - Error during startup initialization: 'dict' object has no attribute 'page_content'
2024-11-10 01:36:28,706 - infrastructure_chatbot - INFO - Initialized embeddings
2024-11-10 01:36:28,709 - infrastructure_chatbot - INFO - Loading vector store with embeddings...
2024-11-10 01:36:28,726 - infrastructure_chatbot - ERROR - Error during startup initialization: 'dict' object has no attribute 'page_content'
2024-11-10 01:36:29,769 - infrastructure_chatbot - INFO - Starting project data loading
2024-11-10 01:36:29,772 - infrastructure_chatbot - INFO - Attempting to connect to database: C:\Users\MukundiMphaphuli\Desktop\Use Case 2\final_project\malawi_projects1.db
2024-11-10 01:36:29,772 - infrastructure_chatbot - INFO - Successfully loaded 198 projects
2024-11-10 01:36:29,772 - infrastructure_chatbot - INFO - Sample data from first row: {'PROJECTNAME': 'Completion of Staff House', 'PROJECTCODE': '000ccd30', 'PROJECTSTATUS': 'Unknown', 'PROJECTSECTOR': 'Education', 'REGION': 'Central Region', 'DISTRICT': 'Dowa', 'BUDGET': 0.0, 'COMPLETIONPERCENTAGE': 0, 'PROJECTTYPE': 'Teacher house construction and rehabilitation', 'FUNDINGSOURCE': 'DDF'}
2024-11-10 01:36:29,772 - infrastructure_chatbot - INFO - Project data loaded successfully
2024-11-10 01:36:42,984 - infrastructure_chatbot - INFO - Initialized embeddings
2024-11-10 01:36:42,999 - infrastructure_chatbot - INFO - Loading vector store with embeddings...
2024-11-10 01:36:43,056 - infrastructure_chatbot - ERROR - Error during startup initialization: 'dict' object has no attribute 'page_content'
2024-11-10 01:36:43,147 - infrastructure_chatbot - INFO - Initialized embeddings
2024-11-10 01:36:43,147 - infrastructure_chatbot - INFO - Loading vector store with embeddings...
2024-11-10 01:36:43,194 - infrastructure_chatbot - ERROR - Error during startup initialization: 'dict' object has no attribute 'page_content'
2024-11-10 01:36:43,468 - infrastructure_chatbot - INFO - Initialized embeddings
2024-11-10 01:36:43,484 - infrastructure_chatbot - INFO - Loading vector store with embeddings...
2024-11-10 01:36:43,536 - infrastructure_chatbot - ERROR - Error during startup initialization: 'dict' object has no attribute 'page_content'
2024-11-10 01:36:43,585 - infrastructure_chatbot - INFO - Initialized embeddings
2024-11-10 01:36:43,585 - infrastructure_chatbot - INFO - Loading vector store with embeddings...
2024-11-10 01:36:43,632 - infrastructure_chatbot - ERROR - Error during startup initialization: 'dict' object has no attribute 'page_content'
2024-11-10 01:36:50,505 - infrastructure_chatbot - INFO - Initialized embeddings
2024-11-10 01:36:50,505 - infrastructure_chatbot - INFO - Loading vector store with embeddings...
2024-11-10 01:36:50,537 - infrastructure_chatbot - ERROR - Error during startup initialization: 'dict' object has no attribute 'page_content'
2024-11-10 01:49:09,656 - infrastructure_chatbot - INFO - Starting project data loading
2024-11-10 01:49:09,664 - infrastructure_chatbot - INFO - Attempting to connect to database: C:\Users\MukundiMphaphuli\Desktop\Use Case 2\final_project\malawi_projects1.db
2024-11-10 01:49:09,675 - infrastructure_chatbot - INFO - Successfully loaded 198 projects
2024-11-10 01:49:09,675 - infrastructure_chatbot - INFO - Sample data from first row: {'PROJECTNAME': 'Completion of Staff House', 'PROJECTCODE': '000ccd30', 'PROJECTSTATUS': 'Unknown', 'PROJECTSECTOR': 'Education', 'REGION': 'Central Region', 'DISTRICT': 'Dowa', 'BUDGET': 0.0, 'COMPLETIONPERCENTAGE': 0, 'PROJECTTYPE': 'Teacher house construction and rehabilitation', 'FUNDINGSOURCE': 'DDF'}
2024-11-10 01:49:09,675 - infrastructure_chatbot - INFO - Project data loaded successfully
2024-11-10 01:49:37,147 - infrastructure_chatbot - INFO - Initialized embeddings
2024-11-10 01:49:37,147 - infrastructure_chatbot - INFO - Loading vector store with embeddings...
2024-11-10 01:49:37,164 - infrastructure_chatbot - ERROR - Error during startup initialization: 'dict' object has no attribute 'page_content'
2024-11-10 01:56:27,625 - infrastructure_chatbot - INFO - Starting project data loading
2024-11-10 01:56:27,625 - infrastructure_chatbot - INFO - Attempting to connect to database: C:\Users\MukundiMphaphuli\Desktop\Use Case 2\final_project\malawi_projects1.db
2024-11-10 01:56:27,625 - infrastructure_chatbot - INFO - Successfully loaded 198 projects
2024-11-10 01:56:27,625 - infrastructure_chatbot - INFO - Sample data from first row: {'PROJECTNAME': 'Completion of Staff House', 'PROJECTCODE': '000ccd30', 'PROJECTSTATUS': 'Unknown', 'PROJECTSECTOR': 'Education', 'REGION': 'Central Region', 'DISTRICT': 'Dowa', 'BUDGET': 0.0, 'COMPLETIONPERCENTAGE': 0, 'PROJECTTYPE': 'Teacher house construction and rehabilitation', 'FUNDINGSOURCE': 'DDF'}
2024-11-10 01:56:27,625 - infrastructure_chatbot - INFO - Project data loaded successfully
2024-11-10 01:56:59,617 - infrastructure_chatbot - INFO - Initialized embeddings
2024-11-10 01:56:59,617 - infrastructure_chatbot - INFO - Loading vector store with embeddings...
2024-11-10 01:56:59,727 - infrastructure_chatbot - ERROR - Error during startup initialization: 'dict' object has no attribute 'page_content'
2024-11-10 01:57:34,415 - infrastructure_chatbot - INFO - Rendering home page
2024-11-10 01:57:34,415 - infrastructure_chatbot - INFO - Template path: C:\Users\MukundiMphaphuli\Desktop\Use Case 2\final_project\app\templates\chat.html
2024-11-10 01:57:34,415 - infrastructure_chatbot - INFO - Template exists: True
2024-11-10 01:57:40,662 - infrastructure_chatbot - INFO - Received chat query: hi
2024-11-10 01:57:40,662 - infrastructure_chatbot - ERROR - Error processing query: 'State' object has no attribute 'vector_store'
2024-11-10 01:57:48,250 - infrastructure_chatbot - INFO - Received chat query: What are the current projects?
2024-11-10 01:57:48,250 - infrastructure_chatbot - ERROR - Error processing query: 'State' object has no attribute 'vector_store'
2024-11-10 01:57:50,800 - infrastructure_chatbot - INFO - Received chat query: Show me infrastructure projects
2024-11-10 01:57:50,800 - infrastructure_chatbot - ERROR - Error processing query: 'State' object has no attribute 'vector_store'
2024-11-10 01:57:52,232 - infrastructure_chatbot - INFO - Received chat query: What projects are ongoing?
2024-11-10 01:57:52,232 - infrastructure_chatbot - ERROR - Error processing query: 'State' object has no attribute 'vector_store'
2024-11-10 01:57:56,590 - infrastructure_chatbot - INFO - Rendering home page
2024-11-10 01:57:56,593 - infrastructure_chatbot - INFO - Template path: C:\Users\MukundiMphaphuli\Desktop\Use Case 2\final_project\app\templates\chat.html
2024-11-10 01:57:56,598 - infrastructure_chatbot - INFO - Template exists: True
2024-11-10 01:57:58,491 - infrastructure_chatbot - INFO - Received chat query: What education projects are there?
2024-11-10 01:57:58,493 - infrastructure_chatbot - ERROR - Error processing query: 'State' object has no attribute 'vector_store'
2024-11-10 01:57:59,902 - infrastructure_chatbot - INFO - Received chat query: Show me infrastructure projects
2024-11-10 01:57:59,907 - infrastructure_chatbot - ERROR - Error processing query: 'State' object has no attribute 'vector_store'
2024-11-10 01:58:00,848 - infrastructure_chatbot - INFO - Received chat query: What are the current projects?
2024-11-10 01:58:00,848 - infrastructure_chatbot - ERROR - Error processing query: 'State' object has no attribute 'vector_store'
2024-11-10 02:06:08,248 - infrastructure_chatbot - INFO - Loading project data...
2024-11-10 02:06:08,248 - infrastructure_chatbot - INFO - Attempting to connect to database: C:\Users\MukundiMphaphuli\Desktop\Use Case 2\final_project\malawi_projects1.db
2024-11-10 02:06:08,248 - infrastructure_chatbot - INFO - Successfully loaded 198 projects
2024-11-10 02:06:08,248 - infrastructure_chatbot - INFO - Sample data: {'PROJECTNAME': 'Completion of Staff House', 'PROJECTCODE': '000ccd30', 'PROJECTSTATUS': 'Unknown', 'PROJECTSECTOR': 'Education', 'REGION': 'Central Region', 'DISTRICT': 'Dowa', 'BUDGET': 0.0, 'COMPLETIONPERCENTAGE': 0, 'PROJECTTYPE': 'Teacher house construction and rehabilitation', 'FUNDINGSOURCE': 'DDF'}
2024-11-10 02:06:08,248 - infrastructure_chatbot - INFO - Loaded 198 projects
2024-11-10 02:06:08,248 - infrastructure_chatbot - INFO - Initializing embeddings...
2024-11-10 02:06:39,497 - infrastructure_chatbot - INFO - Embeddings initialized
2024-11-10 02:06:39,497 - infrastructure_chatbot - INFO - Creating vector store...
2024-11-10 02:06:44,715 - infrastructure_chatbot - INFO - Vector store created successfully
2024-11-10 02:06:53,134 - infrastructure_chatbot - INFO - Received query: What are the current infrastructure projects?
2024-11-10 02:07:04,014 - infrastructure_chatbot - INFO - Received query: What other Roads and bridges projects are there?
2024-11-10 02:07:28,120 - infrastructure_chatbot - INFO - Received query: show me project outsides the country
2024-11-10 02:08:01,545 - infrastructure_chatbot - INFO - Received query: projects with the biggest budgets
